#
# There is insufficient memory for the Java Runtime Environment to continue.
# Native memory allocation (malloc) failed to allocate 32744 bytes for ChunkPool::allocate
# Possible reasons:
#   The system is out of physical RAM or swap space
#   The process is running with CompressedOops enabled, and the Java Heap may be blocking the growth of the native heap
# Possible solutions:
#   Reduce memory load on the system
#   Increase physical memory or swap space
#   Check if swap backing store is full
#   Decrease Java heap size (-Xmx/-Xms)
#   Decrease number of Java threads
#   Decrease Java thread stack sizes (-Xss)
#   Set larger code cache with -XX:ReservedCodeCacheSize=
#   JVM is running with Unscaled Compressed Oops mode in which the Java heap is
#     placed in the first 4GB address space. The Java Heap base address is the
#     maximum limit for the native heap growth. Please use -XX:HeapBaseMinAddress
#     to set the Java Heap base and to place the Java Heap above 4GB virtual address.
# This output file may be truncated or incomplete.
#
#  Out of Memory Error (./src/hotspot/share/memory/arena.cpp:81), pid=1832, tid=16628
#
# JRE version: OpenJDK Runtime Environment Corretto-11.0.15.9.1 (11.0.15+9) (build 11.0.15+9-LTS)
# Java VM: OpenJDK 64-Bit Server VM Corretto-11.0.15.9.1 (11.0.15+9-LTS, mixed mode, tiered, compressed oops, g1 gc, windows-amd64)
# No core dump will be written. Minidumps are not enabled by default on client versions of Windows
#

---------------  S U M M A R Y ------------

Command Line: --add-opens=java.base/java.util=ALL-UNNAMED --add-opens=java.base/java.lang=ALL-UNNAMED --add-opens=java.base/java.lang.invoke=ALL-UNNAMED --add-opens=java.base/java.util=ALL-UNNAMED --add-opens=java.prefs/java.util.prefs=ALL-UNNAMED --add-opens=java.prefs/java.util.prefs=ALL-UNNAMED --add-opens=java.base/java.nio.charset=ALL-UNNAMED --add-opens=java.base/java.net=ALL-UNNAMED --add-opens=java.base/java.util.concurrent.atomic=ALL-UNNAMED -XX:MaxMetaspaceSize=256m -XX:+HeapDumpOnOutOfMemoryError -Xms256m -Xmx512m -Dfile.encoding=windows-1251 -Duser.country=RU -Duser.language=ru -Duser.variant org.gradle.launcher.daemon.bootstrap.GradleDaemon 7.3.3

Host: Intel(R) Core(TM) i5-10300H CPU @ 2.50GHz, 8 cores, 15G,  Windows 10 , 64 bit Build 19041 (10.0.19041.928)
Time: Tue Aug 30 14:46:13 2022 RTZ 4 (s 10 , 64 bit Build 19041 (10.0.19041.928) elapsed time: 11.953860 seconds (0d 0h 0m 11s)

---------------  T H R E A D  ---------------

Current thread (0x0000023cf752e000):  JavaThread "C1 CompilerThread0" daemon [_thread_in_native, id=16628, stack(0x000000c146600000,0x000000c146700000)]


Current CompileTask:
C1:  11953 7847       3       org.gradle.internal.snapshot.SnapshotHierarchy::findSnapshot (38 bytes)

Stack: [0x000000c146600000,0x000000c146700000]
Native frames: (J=compiled Java code, j=interpreted, Vv=VM code, C=native code)
V  [jvm.dll+0x61e7ba]
V  [jvm.dll+0x7ab749]
V  [jvm.dll+0x7ace38]
V  [jvm.dll+0x7ad513]
V  [jvm.dll+0x24f968]
V  [jvm.dll+0xc288b]
V  [jvm.dll+0xc2bec]
V  [jvm.dll+0x138436]
V  [jvm.dll+0x12e65a]
V  [jvm.dll+0x13a383]
V  [jvm.dll+0x13d71c]
V  [jvm.dll+0x13d16d]
V  [jvm.dll+0x134a39]
V  [jvm.dll+0x136d79]
V  [jvm.dll+0x135244]
V  [jvm.dll+0x13dbeb]
V  [jvm.dll+0x13d16d]
V  [jvm.dll+0x134a39]
V  [jvm.dll+0x136d79]
V  [jvm.dll+0x135244]
V  [jvm.dll+0x12ef2b]
V  [jvm.dll+0x13eeda]
V  [jvm.dll+0x12a229]
V  [jvm.dll+0x12a590]
V  [jvm.dll+0x12a84f]
V  [jvm.dll+0x129af4]
V  [jvm.dll+0x12ba07]
V  [jvm.dll+0x2176e4]
V  [jvm.dll+0x21592b]
V  [jvm.dll+0x76e250]
V  [jvm.dll+0x7671b4]
V  [jvm.dll+0x61d616]
C  [ucrtbase.dll+0x21bb2]
C  [KERNEL32.DLL+0x17034]
C  [ntdll.dll+0x52651]


---------------  P R O C E S S  ---------------

Threads class SMR info:
_java_thread_list=0x0000023c8076a8c0, length=90, elements={
0x0000023cdac8b000, 0x0000023cf6bb3800, 0x0000023cf6bae000, 0x0000023cf6bc2000,
0x0000023cf6bc4000, 0x0000023cf6bc5000, 0x0000023cf752c000, 0x0000023cf752e000,
0x0000023cf7537800, 0x0000023cf7694000, 0x0000023cf8fe7000, 0x0000023cf9c65000,
0x0000023cf7d52000, 0x0000023cf8c53000, 0x0000023cf9c61800, 0x0000023cf94e7800,
0x0000023cf94e8000, 0x0000023cf94e5000, 0x0000023cfa082800, 0x0000023cfa084800,
0x0000023cfa083000, 0x0000023cfa085800, 0x0000023cfa08c000, 0x0000023cfa087000,
0x0000023cfa088000, 0x0000023cfa086800, 0x0000023cfa090000, 0x0000023cfc5bb800,
0x0000023cfc5ba800, 0x0000023cfc5b5800, 0x0000023cfc5b9800, 0x0000023cfc5bc000,
0x0000023cfc5b7000, 0x0000023cfc5b6800, 0x0000023cfc5b9000, 0x0000023cfc5bd000,
0x0000023cfc5bd800, 0x0000023cfc5b8000, 0x0000023cfc5c3800, 0x0000023cfc5c4000,
0x0000023cfc5c2800, 0x0000023cfc5c2000, 0x0000023cfc5be800, 0x0000023cfc5bf800,
0x0000023cfc5c0000, 0x0000023cfc5c1000, 0x0000023cfa08d000, 0x0000023cfa08d800,
0x0000023cfa091000, 0x0000023cfa08e800, 0x0000023cfa08f800, 0x0000023cf94e9000,
0x0000023cf94ea000, 0x0000023cf94e6800, 0x0000023cf94e5800, 0x0000023cfcde7000,
0x0000023cfcde4800, 0x0000023cfcde7800, 0x0000023cfcde8800, 0x0000023cfcde5000,
0x0000023cfcdeb000, 0x0000023cfcde6000, 0x0000023cfcde9000, 0x0000023cfcdf0000,
0x0000023cfcdea000, 0x0000023cfcdf0800, 0x0000023cfcded800, 0x0000023c83eda000,
0x0000023c83edb000, 0x0000023c83ed5800, 0x0000023c83edc000, 0x0000023c83ed9800,
0x0000023c83ed7000, 0x0000023c83ed7800, 0x0000023c83ed8800, 0x0000023cfe4bb800,
0x0000023cfe4b5800, 0x0000023cfe4ba800, 0x0000023cfe4bc000, 0x0000023cfe4b6800,
0x0000023cfe4bd000, 0x0000023cfe4b7800, 0x0000023cfe4b9800, 0x0000023cfe4be000,
0x0000023cfe4b8000, 0x0000023cfe4be800, 0x0000023cfe4b9000, 0x0000023cfe4c3800,
0x0000023cfe4c4800, 0x0000023cf778e800
}

Java Threads: ( => current thread )
  0x0000023cdac8b000 JavaThread "main" [_thread_blocked, id=19404, stack(0x000000c145900000,0x000000c145a00000)]
  0x0000023cf6bb3800 JavaThread "Reference Handler" daemon [_thread_blocked, id=18328, stack(0x000000c146000000,0x000000c146100000)]
  0x0000023cf6bae000 JavaThread "Finalizer" daemon [_thread_blocked, id=20412, stack(0x000000c146100000,0x000000c146200000)]
  0x0000023cf6bc2000 JavaThread "Signal Dispatcher" daemon [_thread_blocked, id=21452, stack(0x000000c146200000,0x000000c146300000)]
  0x0000023cf6bc4000 JavaThread "Attach Listener" daemon [_thread_blocked, id=16716, stack(0x000000c146300000,0x000000c146400000)]
  0x0000023cf6bc5000 JavaThread "Service Thread" daemon [_thread_blocked, id=13072, stack(0x000000c146400000,0x000000c146500000)]
  0x0000023cf752c000 JavaThread "C2 CompilerThread0" daemon [_thread_blocked, id=1656, stack(0x000000c146500000,0x000000c146600000)]
=>0x0000023cf752e000 JavaThread "C1 CompilerThread0" daemon [_thread_in_native, id=16628, stack(0x000000c146600000,0x000000c146700000)]
  0x0000023cf7537800 JavaThread "Sweeper thread" daemon [_thread_blocked, id=12484, stack(0x000000c146700000,0x000000c146800000)]
  0x0000023cf7694000 JavaThread "Common-Cleaner" daemon [_thread_blocked, id=4252, stack(0x000000c146800000,0x000000c146900000)]
  0x0000023cf8fe7000 JavaThread "Daemon health stats" [_thread_blocked, id=2092, stack(0x000000c147100000,0x000000c147200000)]
  0x0000023cf9c65000 JavaThread "Incoming local TCP Connector on port 57266" [_thread_in_native, id=3500, stack(0x000000c146b00000,0x000000c146c00000)]
  0x0000023cf7d52000 JavaThread "Daemon periodic checks" [_thread_blocked, id=8328, stack(0x000000c147200000,0x000000c147300000)]
  0x0000023cf8c53000 JavaThread "Daemon" [_thread_blocked, id=16976, stack(0x000000c147300000,0x000000c147400000)]
  0x0000023cf9c61800 JavaThread "Daemon worker" [_thread_blocked, id=21388, stack(0x000000c147600000,0x000000c147700000)]
  0x0000023cf94e7800 JavaThread "Cache worker for journal cache (C:\Users\Leshin\.gradle\caches\journal-1)" [_thread_blocked, id=6072, stack(0x000000c147a00000,0x000000c147b00000)]
  0x0000023cf94e8000 JavaThread "File lock request listener" [_thread_in_native, id=11792, stack(0x000000c147b00000,0x000000c147c00000)]
  0x0000023cf94e5000 JavaThread "Cache worker for file hash cache (C:\Users\Leshin\.gradle\caches\7.3.3\fileHashes)" [_thread_blocked, id=13152, stack(0x000000c147c00000,0x000000c147d00000)]
  0x0000023cfa082800 JavaThread "Cache worker for execution history cache (C:\Users\Leshin\.gradle\caches\7.3.3\executionHistory)" [_thread_blocked, id=14812, stack(0x000000c148700000,0x000000c148800000)]
  0x0000023cfa084800 JavaThread "jar transforms" [_thread_blocked, id=10572, stack(0x000000c148800000,0x000000c148900000)]
  0x0000023cfa083000 JavaThread "jar transforms Thread 2" [_thread_blocked, id=5524, stack(0x000000c148900000,0x000000c148a00000)]
  0x0000023cfa085800 JavaThread "Cache worker for file content cache (C:\Users\Leshin\.gradle\caches\7.3.3\fileContent)" [_thread_blocked, id=17076, stack(0x000000c148a00000,0x000000c148b00000)]
  0x0000023cfa08c000 JavaThread "jar transforms Thread 3" [_thread_blocked, id=8420, stack(0x000000c148b00000,0x000000c148c00000)]
  0x0000023cfa087000 JavaThread "jar transforms Thread 4" [_thread_blocked, id=12236, stack(0x000000c148c00000,0x000000c148d00000)]
  0x0000023cfa088000 JavaThread "jar transforms Thread 5" [_thread_blocked, id=19256, stack(0x000000c148d00000,0x000000c148e00000)]
  0x0000023cfa086800 JavaThread "jar transforms Thread 6" [_thread_blocked, id=9228, stack(0x000000c148e00000,0x000000c148f00000)]
  0x0000023cfa090000 JavaThread "jar transforms Thread 7" [_thread_blocked, id=14904, stack(0x000000c149000000,0x000000c149100000)]
  0x0000023cfc5bb800 JavaThread "jar transforms Thread 8" [_thread_blocked, id=2184, stack(0x000000c14ac00000,0x000000c14ad00000)]
  0x0000023cfc5ba800 JavaThread "Memory manager" [_thread_blocked, id=12224, stack(0x000000c14ad00000,0x000000c14ae00000)]
  0x0000023cfc5b5800 JavaThread "Handler for socket connection from /127.0.0.1:57266 to /127.0.0.1:57273" [_thread_in_native, id=12616, stack(0x000000c147400000,0x000000c147500000)]
  0x0000023cfc5b9800 JavaThread "Cancel handler" [_thread_blocked, id=1436, stack(0x000000c147500000,0x000000c147600000)]
  0x0000023cfc5bc000 JavaThread "Asynchronous log dispatcher for DefaultDaemonConnection: socket connection from /127.0.0.1:57266 to /127.0.0.1:57273" [_thread_blocked, id=19676, stack(0x000000c147700000,0x000000c147800000)]
  0x0000023cfc5b7000 JavaThread "Stdin handler" [_thread_blocked, id=3948, stack(0x000000c147800000,0x000000c147900000)]
  0x0000023cfc5b6800 JavaThread "Daemon client event forwarder" [_thread_blocked, id=11804, stack(0x000000c147900000,0x000000c147a00000)]
  0x0000023cfc5b9000 JavaThread "Cache worker for file hash cache (D:\Kotlin\miscellaneous-commission\.gradle\7.3.3\fileHashes)" [_thread_blocked, id=3616, stack(0x000000c148000000,0x000000c148100000)]
  0x0000023cfc5bd000 JavaThread "Cache worker for checksums cache (D:\Kotlin\miscellaneous-commission\.gradle\7.3.3\checksums)" [_thread_blocked, id=10776, stack(0x000000c148100000,0x000000c148200000)]
  0x0000023cfc5bd800 JavaThread "Cache worker for cache directory md-supplier (C:\Users\Leshin\.gradle\caches\7.3.3\md-supplier)" [_thread_blocked, id=6368, stack(0x000000c148400000,0x000000c148500000)]
  0x0000023cfc5b8000 JavaThread "Cache worker for cache directory md-rule (C:\Users\Leshin\.gradle\caches\7.3.3\md-rule)" [_thread_blocked, id=7232, stack(0x000000c148500000,0x000000c148600000)]
  0x0000023cfc5c3800 JavaThread "Cache worker for dependencies-accessors (D:\Kotlin\miscellaneous-commission\.gradle\7.3.3\dependencies-accessors)" [_thread_blocked, id=9516, stack(0x000000c148600000,0x000000c148700000)]
  0x0000023cfc5c4000 JavaThread "Cache worker for Build Output Cleanup Cache (D:\Kotlin\miscellaneous-commission\.gradle\buildOutputCleanup)" [_thread_blocked, id=5252, stack(0x000000c148f00000,0x000000c149000000)]
  0x0000023cfc5c2800 JavaThread "Unconstrained build operations" [_thread_blocked, id=11524, stack(0x000000c149100000,0x000000c149200000)]
  0x0000023cfc5c2000 JavaThread "Unconstrained build operations Thread 2" [_thread_blocked, id=13952, stack(0x000000c149200000,0x000000c149300000)]
  0x0000023cfc5be800 JavaThread "Unconstrained build operations Thread 3" [_thread_blocked, id=13296, stack(0x000000c149300000,0x000000c149400000)]
  0x0000023cfc5bf800 JavaThread "Unconstrained build operations Thread 4" [_thread_blocked, id=16760, stack(0x000000c149400000,0x000000c149500000)]
  0x0000023cfc5c0000 JavaThread "Unconstrained build operations Thread 5" [_thread_blocked, id=20780, stack(0x000000c149500000,0x000000c149600000)]
  0x0000023cfc5c1000 JavaThread "Unconstrained build operations Thread 6" [_thread_blocked, id=16712, stack(0x000000c149600000,0x000000c149700000)]
  0x0000023cfa08d000 JavaThread "Unconstrained build operations Thread 7" [_thread_blocked, id=14740, stack(0x000000c149700000,0x000000c149800000)]
  0x0000023cfa08d800 JavaThread "Unconstrained build operations Thread 8" [_thread_blocked, id=8204, stack(0x000000c149800000,0x000000c149900000)]
  0x0000023cfa091000 JavaThread "Unconstrained build operations Thread 9" [_thread_blocked, id=2188, stack(0x000000c149900000,0x000000c149a00000)]
  0x0000023cfa08e800 JavaThread "Unconstrained build operations Thread 10" [_thread_blocked, id=16020, stack(0x000000c149a00000,0x000000c149b00000)]
  0x0000023cfa08f800 JavaThread "Unconstrained build operations Thread 11" [_thread_blocked, id=19652, stack(0x000000c149b00000,0x000000c149c00000)]
  0x0000023cf94e9000 JavaThread "Unconstrained build operations Thread 12" [_thread_blocked, id=12296, stack(0x000000c149c00000,0x000000c149d00000)]
  0x0000023cf94ea000 JavaThread "Unconstrained build operations Thread 13" [_thread_blocked, id=15544, stack(0x000000c149d00000,0x000000c149e00000)]
  0x0000023cf94e6800 JavaThread "Unconstrained build operations Thread 14" [_thread_blocked, id=3080, stack(0x000000c149e00000,0x000000c149f00000)]
  0x0000023cf94e5800 JavaThread "Unconstrained build operations Thread 15" [_thread_blocked, id=19556, stack(0x000000c149f00000,0x000000c14a000000)]
  0x0000023cfcde7000 JavaThread "Unconstrained build operations Thread 16" [_thread_blocked, id=16808, stack(0x000000c14a000000,0x000000c14a100000)]
  0x0000023cfcde4800 JavaThread "Unconstrained build operations Thread 17" [_thread_blocked, id=9884, stack(0x000000c14a100000,0x000000c14a200000)]
  0x0000023cfcde7800 JavaThread "Unconstrained build operations Thread 18" [_thread_blocked, id=10728, stack(0x000000c14a200000,0x000000c14a300000)]
  0x0000023cfcde8800 JavaThread "Unconstrained build operations Thread 19" [_thread_blocked, id=5652, stack(0x000000c14a300000,0x000000c14a400000)]
  0x0000023cfcde5000 JavaThread "Unconstrained build operations Thread 20" [_thread_blocked, id=15736, stack(0x000000c14a400000,0x000000c14a500000)]
  0x0000023cfcdeb000 JavaThread "Unconstrained build operations Thread 21" [_thread_blocked, id=3624, stack(0x000000c14a500000,0x000000c14a600000)]
  0x0000023cfcde6000 JavaThread "Unconstrained build operations Thread 22" [_thread_blocked, id=18136, stack(0x000000c14a600000,0x000000c14a700000)]
  0x0000023cfcde9000 JavaThread "Unconstrained build operations Thread 23" [_thread_blocked, id=1868, stack(0x000000c14a700000,0x000000c14a800000)]
  0x0000023cfcdf0000 JavaThread "Unconstrained build operations Thread 24" [_thread_blocked, id=11684, stack(0x000000c14a800000,0x000000c14a900000)]
  0x0000023cfcdea000 JavaThread "Unconstrained build operations Thread 25" [_thread_blocked, id=12436, stack(0x000000c14a900000,0x000000c14aa00000)]
  0x0000023cfcdf0800 JavaThread "Unconstrained build operations Thread 26" [_thread_blocked, id=9336, stack(0x000000c14aa00000,0x000000c14ab00000)]
  0x0000023cfcded800 JavaThread "Cache worker for execution history cache (D:\Kotlin\miscellaneous-commission\.gradle\7.3.3\executionHistory)" [_thread_blocked, id=8904, stack(0x000000c14b500000,0x000000c14b600000)]
  0x0000023c83eda000 JavaThread "Unconstrained build operations Thread 27" [_thread_blocked, id=11952, stack(0x000000c14b600000,0x000000c14b700000)]
  0x0000023c83edb000 JavaThread "Unconstrained build operations Thread 28" [_thread_blocked, id=19604, stack(0x000000c14b700000,0x000000c14b800000)]
  0x0000023c83ed5800 JavaThread "Unconstrained build operations Thread 29" [_thread_blocked, id=20660, stack(0x000000c14b800000,0x000000c14b900000)]
  0x0000023c83edc000 JavaThread "Unconstrained build operations Thread 30" [_thread_blocked, id=4908, stack(0x000000c14b900000,0x000000c14ba00000)]
  0x0000023c83ed9800 JavaThread "Unconstrained build operations Thread 31" [_thread_blocked, id=18488, stack(0x000000c14ba00000,0x000000c14bb00000)]
  0x0000023c83ed7000 JavaThread "Unconstrained build operations Thread 32" [_thread_blocked, id=6552, stack(0x000000c14bb00000,0x000000c14bc00000)]
  0x0000023c83ed7800 JavaThread "Unconstrained build operations Thread 33" [_thread_blocked, id=3368, stack(0x000000c14bc00000,0x000000c14bd00000)]
  0x0000023c83ed8800 JavaThread "Unconstrained build operations Thread 34" [_thread_blocked, id=11928, stack(0x000000c14bd00000,0x000000c14be00000)]
  0x0000023cfe4bb800 JavaThread "Unconstrained build operations Thread 35" [_thread_blocked, id=18596, stack(0x000000c14be00000,0x000000c14bf00000)]
  0x0000023cfe4b5800 JavaThread "Unconstrained build operations Thread 36" [_thread_blocked, id=2800, stack(0x000000c14bf00000,0x000000c14c000000)]
  0x0000023cfe4ba800 JavaThread "Unconstrained build operations Thread 37" [_thread_blocked, id=16288, stack(0x000000c14c000000,0x000000c14c100000)]
  0x0000023cfe4bc000 JavaThread "Unconstrained build operations Thread 38" [_thread_blocked, id=4928, stack(0x000000c14c100000,0x000000c14c200000)]
  0x0000023cfe4b6800 JavaThread "Unconstrained build operations Thread 39" [_thread_blocked, id=19240, stack(0x000000c14c200000,0x000000c14c300000)]
  0x0000023cfe4bd000 JavaThread "Unconstrained build operations Thread 40" [_thread_blocked, id=4540, stack(0x000000c14c300000,0x000000c14c400000)]
  0x0000023cfe4b7800 JavaThread "Unconstrained build operations Thread 41" [_thread_blocked, id=15264, stack(0x000000c14c400000,0x000000c14c500000)]
  0x0000023cfe4b9800 JavaThread "WorkerExecutor Queue" [_thread_blocked, id=9968, stack(0x000000c14c500000,0x000000c14c600000)]
  0x0000023cfe4be000 JavaThread "RMI Scheduler(0)" daemon [_thread_blocked, id=17232, stack(0x000000c146a00000,0x000000c146b00000)]
  0x0000023cfe4b8000 JavaThread "RMI RenewClean-[127.0.0.1:17570,org.jetbrains.kotlin.daemon.common.LoopbackNetworkInterface$ClientLoopbackSocketFactory@1003752f]" daemon [_thread_blocked, id=20496, stack(0x000000c14ab00000,0x000000c14ac00000)]
  0x0000023cfe4be800 JavaThread "RMI GC Daemon" daemon [_thread_blocked, id=3728, stack(0x000000c14c600000,0x000000c14c700000)]
  0x0000023cfe4b9000 JavaThread "RMI TCP Accept-0" daemon [_thread_in_native, id=1864, stack(0x000000c14c700000,0x000000c14c800000)]
  0x0000023cfe4c3800 JavaThread "RMI Reaper" [_thread_blocked, id=20364, stack(0x000000c14c800000,0x000000c14c900000)]
  0x0000023cfe4c4800 JavaThread "RMI TCP Connection(1)-127.0.0.1" daemon [_thread_in_native, id=15156, stack(0x000000c14c900000,0x000000c14ca00000)]
  0x0000023cf778e800 JavaThread "C2 CompilerThread1" daemon [_thread_in_native, id=20156, stack(0x000000c14ca00000,0x000000c14cb00000)]

Other Threads:
  0x0000023cf6b7e800 VMThread "VM Thread" [stack: 0x000000c145f00000,0x000000c146000000] [id=15248] _threads_hazard_ptr=0x0000023c8076a8c0
  0x0000023cf76a9000 WatcherThread [stack: 0x000000c146900000,0x000000c146a00000] [id=15488]
  0x0000023cdaca5800 GCTaskThread "GC Thread#0" [stack: 0x000000c145a00000,0x000000c145b00000] [id=2820]
  0x0000023cf8401000 GCTaskThread "GC Thread#1" [stack: 0x000000c146c00000,0x000000c146d00000] [id=7652]
  0x0000023cf83a2000 GCTaskThread "GC Thread#2" [stack: 0x000000c146d00000,0x000000c146e00000] [id=3268]
  0x0000023cf8604800 GCTaskThread "GC Thread#3" [stack: 0x000000c146e00000,0x000000c146f00000] [id=19368]
  0x0000023cf7e28800 GCTaskThread "GC Thread#4" [stack: 0x000000c146f00000,0x000000c147000000] [id=15596]
  0x0000023cf832d800 GCTaskThread "GC Thread#5" [stack: 0x000000c147000000,0x000000c147100000] [id=12620]
  0x0000023cf9b90800 GCTaskThread "GC Thread#6" [stack: 0x000000c147d00000,0x000000c147e00000] [id=376]
  0x0000023cf9c0a800 GCTaskThread "GC Thread#7" [stack: 0x000000c147e00000,0x000000c147f00000] [id=14424]
  0x0000023cdacb6000 ConcurrentGCThread "G1 Main Marker" [stack: 0x000000c145b00000,0x000000c145c00000] [id=17832]
  0x0000023cdacb7000 ConcurrentGCThread "G1 Conc#0" [stack: 0x000000c145c00000,0x000000c145d00000] [id=1580]
  0x0000023cf85f3000 ConcurrentGCThread "G1 Conc#1" [stack: 0x000000c147f00000,0x000000c148000000] [id=6436]
  0x0000023cf6a18800 ConcurrentGCThread "G1 Refine#0" [stack: 0x000000c145d00000,0x000000c145e00000] [id=17836]
  0x0000023cf6a19000 ConcurrentGCThread "G1 Young RemSet Sampling" [stack: 0x000000c145e00000,0x000000c145f00000] [id=14184]

Threads with active compile tasks:
C2 CompilerThread0    11979 7826       4       org.gradle.internal.instantiation.generator.AbstractClassGenerator::inspectType (560 bytes)
C1 CompilerThread0    11979 7847       3       org.gradle.internal.snapshot.SnapshotHierarchy::findSnapshot (38 bytes)
C2 CompilerThread1    11979 7784       4       org.apache.commons.io.FilenameUtils::doNormalize (534 bytes)

VM state:at safepoint (normal execution)

VM Mutex/Monitor currently owned by a thread:  ([mutex/lock_event])
[0x0000023cdac880d0] Threads_lock - owner thread: 0x0000023cf6b7e800

Heap address: 0x00000000e0000000, size: 512 MB, Compressed Oops mode: 32-bit
Narrow klass base: 0x0000000000000000, Narrow klass shift: 3
Compressed class space size: 260046848 Address: 0x0000000100000000

Heap:
 garbage-first heap   total 262144K, used 146076K [0x00000000e0000000, 0x0000000100000000)
  region size 1024K, 101 young (103424K), 10 survivors (10240K)
 Metaspace       used 75880K, capacity 78288K, committed 78548K, reserved 323584K
  class space    used 9982K, capacity 10863K, committed 10884K, reserved 253952K
Heap Regions: E=young(eden), S=young(survivor), O=old, HS=humongous(starts), HC=humongous(continues), CS=collection set, F=free, A=archive, TAMS=top-at-mark-start (previous, next)
|   0|0x00000000e0000000, 0x00000000e0100000, 0x00000000e0100000|100%| O|  |TAMS 0x00000000e0100000, 0x00000000e0000000| Untracked 
|   1|0x00000000e0100000, 0x00000000e0200000, 0x00000000e0200000|100%| O|  |TAMS 0x00000000e0200000, 0x00000000e0100000| Untracked 
|   2|0x00000000e0200000, 0x00000000e0300000, 0x00000000e0300000|100%| O|  |TAMS 0x00000000e0300000, 0x00000000e0200000| Untracked 
|   3|0x00000000e0300000, 0x00000000e0400000, 0x00000000e0400000|100%|HS|  |TAMS 0x00000000e0400000, 0x00000000e0300000| Complete 
|   4|0x00000000e0400000, 0x00000000e0500000, 0x00000000e0500000|100%|HC|  |TAMS 0x00000000e0500000, 0x00000000e0400000| Complete 
|   5|0x00000000e0500000, 0x00000000e0600000, 0x00000000e0600000|100%|HC|  |TAMS 0x00000000e0600000, 0x00000000e0500000| Complete 
|   6|0x00000000e0600000, 0x00000000e0700000, 0x00000000e0700000|100%| O|  |TAMS 0x00000000e0700000, 0x00000000e0600000| Untracked 
|   7|0x00000000e0700000, 0x00000000e0800000, 0x00000000e0800000|100%| O|  |TAMS 0x00000000e0800000, 0x00000000e0700000| Untracked 
|   8|0x00000000e0800000, 0x00000000e0900000, 0x00000000e0900000|100%| O|  |TAMS 0x00000000e0900000, 0x00000000e0800000| Untracked 
|   9|0x00000000e0900000, 0x00000000e0a00000, 0x00000000e0a00000|100%| O|  |TAMS 0x00000000e0a00000, 0x00000000e0900000| Untracked 
|  10|0x00000000e0a00000, 0x00000000e0b00000, 0x00000000e0b00000|100%| O|  |TAMS 0x00000000e0b00000, 0x00000000e0a00000| Untracked 
|  11|0x00000000e0b00000, 0x00000000e0c00000, 0x00000000e0c00000|100%| O|  |TAMS 0x00000000e0c00000, 0x00000000e0b00000| Untracked 
|  12|0x00000000e0c00000, 0x00000000e0d00000, 0x00000000e0d00000|100%| O|  |TAMS 0x00000000e0d00000, 0x00000000e0c00000| Untracked 
|  13|0x00000000e0d00000, 0x00000000e0e00000, 0x00000000e0e00000|100%| O|  |TAMS 0x00000000e0e00000, 0x00000000e0d00000| Untracked 
|  14|0x00000000e0e00000, 0x00000000e0f00000, 0x00000000e0f00000|100%| O|  |TAMS 0x00000000e0f00000, 0x00000000e0e00000| Untracked 
|  15|0x00000000e0f00000, 0x00000000e1000000, 0x00000000e1000000|100%| O|  |TAMS 0x00000000e1000000, 0x00000000e0f00000| Untracked 
|  16|0x00000000e1000000, 0x00000000e1100000, 0x00000000e1100000|100%| O|  |TAMS 0x00000000e1100000, 0x00000000e1000000| Untracked 
|  17|0x00000000e1100000, 0x00000000e1200000, 0x00000000e1200000|100%|HS|  |TAMS 0x00000000e1200000, 0x00000000e1100000| Complete 
|  18|0x00000000e1200000, 0x00000000e1300000, 0x00000000e1300000|100%|HS|  |TAMS 0x00000000e1300000, 0x00000000e1200000| Complete 
|  19|0x00000000e1300000, 0x00000000e1400000, 0x00000000e1400000|100%|HC|  |TAMS 0x00000000e1400000, 0x00000000e1300000| Complete 
|  20|0x00000000e1400000, 0x00000000e1500000, 0x00000000e1500000|100%|HC|  |TAMS 0x00000000e1500000, 0x00000000e1400000| Complete 
|  21|0x00000000e1500000, 0x00000000e1600000, 0x00000000e1600000|100%|HC|  |TAMS 0x00000000e1600000, 0x00000000e1500000| Complete 
|  22|0x00000000e1600000, 0x00000000e1700000, 0x00000000e1700000|100%| O|  |TAMS 0x00000000e1700000, 0x00000000e1600000| Untracked 
|  23|0x00000000e1700000, 0x00000000e1800000, 0x00000000e1800000|100%| O|  |TAMS 0x00000000e1800000, 0x00000000e1700000| Untracked 
|  24|0x00000000e1800000, 0x00000000e1900000, 0x00000000e1900000|100%| O|  |TAMS 0x00000000e1900000, 0x00000000e1800000| Untracked 
|  25|0x00000000e1900000, 0x00000000e1a00000, 0x00000000e1a00000|100%| O|  |TAMS 0x00000000e1a00000, 0x00000000e1900000| Untracked 
|  26|0x00000000e1a00000, 0x00000000e1b00000, 0x00000000e1b00000|100%| O|  |TAMS 0x00000000e1b00000, 0x00000000e1a00000| Untracked 
|  27|0x00000000e1b00000, 0x00000000e1c00000, 0x00000000e1c00000|100%| O|  |TAMS 0x00000000e1c00000, 0x00000000e1b00000| Untracked 
|  28|0x00000000e1c00000, 0x00000000e1d00000, 0x00000000e1d00000|100%| O|  |TAMS 0x00000000e1d00000, 0x00000000e1c00000| Untracked 
|  29|0x00000000e1d00000, 0x00000000e1e00000, 0x00000000e1e00000|100%| O|  |TAMS 0x00000000e1e00000, 0x00000000e1d00000| Untracked 
|  30|0x00000000e1e00000, 0x00000000e1f00000, 0x00000000e1f00000|100%| O|  |TAMS 0x00000000e1f00000, 0x00000000e1e00000| Untracked 
|  31|0x00000000e1f00000, 0x00000000e2000000, 0x00000000e2000000|100%| O|  |TAMS 0x00000000e2000000, 0x00000000e1f00000| Untracked 
|  32|0x00000000e2000000, 0x00000000e2100000, 0x00000000e2100000|100%| O|  |TAMS 0x00000000e209ec00, 0x00000000e2000000| Untracked 
|  33|0x00000000e2100000, 0x00000000e2200000, 0x00000000e2200000|100%| O|  |TAMS 0x00000000e2100000, 0x00000000e2100000| Untracked 
|  34|0x00000000e2200000, 0x00000000e2300000, 0x00000000e2300000|100%| O|  |TAMS 0x00000000e2200000, 0x00000000e2200000| Untracked 
|  35|0x00000000e2300000, 0x00000000e2400000, 0x00000000e2400000|100%| O|  |TAMS 0x00000000e2300000, 0x00000000e2300000| Untracked 
|  36|0x00000000e2400000, 0x00000000e2500000, 0x00000000e2500000|100%| O|  |TAMS 0x00000000e2400000, 0x00000000e2400000| Untracked 
|  37|0x00000000e2500000, 0x00000000e2600000, 0x00000000e2600000|100%| O|  |TAMS 0x00000000e2500000, 0x00000000e2500000| Untracked 
|  38|0x00000000e2600000, 0x00000000e2700000, 0x00000000e2700000|100%| O|  |TAMS 0x00000000e2600000, 0x00000000e2600000| Untracked 
|  39|0x00000000e2700000, 0x00000000e2800000, 0x00000000e2800000|100%| O|  |TAMS 0x00000000e2700000, 0x00000000e2700000| Untracked 
|  40|0x00000000e2800000, 0x00000000e2900000, 0x00000000e2900000|100%| O|  |TAMS 0x00000000e2800000, 0x00000000e2800000| Untracked 
|  41|0x00000000e2900000, 0x00000000e2a00000, 0x00000000e2a00000|100%| O|  |TAMS 0x00000000e2900000, 0x00000000e2900000| Untracked 
|  42|0x00000000e2a00000, 0x00000000e2acfe00, 0x00000000e2b00000| 81%| O|  |TAMS 0x00000000e2a00000, 0x00000000e2a00000| Untracked 
|  43|0x00000000e2b00000, 0x00000000e2b00000, 0x00000000e2c00000|  0%| F|  |TAMS 0x00000000e2b00000, 0x00000000e2b00000| Untracked 
|  44|0x00000000e2c00000, 0x00000000e2c00000, 0x00000000e2d00000|  0%| F|  |TAMS 0x00000000e2c00000, 0x00000000e2c00000| Untracked 
|  45|0x00000000e2d00000, 0x00000000e2d00000, 0x00000000e2e00000|  0%| F|  |TAMS 0x00000000e2d00000, 0x00000000e2d00000| Untracked 
|  46|0x00000000e2e00000, 0x00000000e2e00000, 0x00000000e2f00000|  0%| F|  |TAMS 0x00000000e2e00000, 0x00000000e2e00000| Untracked 
|  47|0x00000000e2f00000, 0x00000000e2f00000, 0x00000000e3000000|  0%| F|  |TAMS 0x00000000e2f00000, 0x00000000e2f00000| Untracked 
|  48|0x00000000e3000000, 0x00000000e3000000, 0x00000000e3100000|  0%| F|  |TAMS 0x00000000e3000000, 0x00000000e3000000| Untracked 
|  49|0x00000000e3100000, 0x00000000e3100000, 0x00000000e3200000|  0%| F|  |TAMS 0x00000000e3100000, 0x00000000e3100000| Untracked 
|  50|0x00000000e3200000, 0x00000000e3200000, 0x00000000e3300000|  0%| F|  |TAMS 0x00000000e3200000, 0x00000000e3200000| Untracked 
|  51|0x00000000e3300000, 0x00000000e3300000, 0x00000000e3400000|  0%| F|  |TAMS 0x00000000e3300000, 0x00000000e3300000| Untracked 
|  52|0x00000000e3400000, 0x00000000e3400000, 0x00000000e3500000|  0%| F|  |TAMS 0x00000000e3400000, 0x00000000e3400000| Untracked 
|  53|0x00000000e3500000, 0x00000000e3500000, 0x00000000e3600000|  0%| F|  |TAMS 0x00000000e3500000, 0x00000000e3500000| Untracked 
|  54|0x00000000e3600000, 0x00000000e3600000, 0x00000000e3700000|  0%| F|  |TAMS 0x00000000e3600000, 0x00000000e3600000| Untracked 
|  55|0x00000000e3700000, 0x00000000e3700000, 0x00000000e3800000|  0%| F|  |TAMS 0x00000000e3700000, 0x00000000e3700000| Untracked 
|  56|0x00000000e3800000, 0x00000000e3800000, 0x00000000e3900000|  0%| F|  |TAMS 0x00000000e3800000, 0x00000000e3800000| Untracked 
|  57|0x00000000e3900000, 0x00000000e3900000, 0x00000000e3a00000|  0%| F|  |TAMS 0x00000000e3900000, 0x00000000e3900000| Untracked 
|  58|0x00000000e3a00000, 0x00000000e3a00000, 0x00000000e3b00000|  0%| F|  |TAMS 0x00000000e3a00000, 0x00000000e3a00000| Untracked 
|  59|0x00000000e3b00000, 0x00000000e3b00000, 0x00000000e3c00000|  0%| F|  |TAMS 0x00000000e3b00000, 0x00000000e3b00000| Untracked 
|  60|0x00000000e3c00000, 0x00000000e3c00000, 0x00000000e3d00000|  0%| F|  |TAMS 0x00000000e3c00000, 0x00000000e3c00000| Untracked 
|  61|0x00000000e3d00000, 0x00000000e3d00000, 0x00000000e3e00000|  0%| F|  |TAMS 0x00000000e3d00000, 0x00000000e3d00000| Untracked 
|  62|0x00000000e3e00000, 0x00000000e3e00000, 0x00000000e3f00000|  0%| F|  |TAMS 0x00000000e3e00000, 0x00000000e3e00000| Untracked 
|  63|0x00000000e3f00000, 0x00000000e3f00000, 0x00000000e4000000|  0%| F|  |TAMS 0x00000000e3f00000, 0x00000000e3f00000| Untracked 
|  64|0x00000000e4000000, 0x00000000e4000000, 0x00000000e4100000|  0%| F|  |TAMS 0x00000000e4000000, 0x00000000e4000000| Untracked 
|  65|0x00000000e4100000, 0x00000000e4100000, 0x00000000e4200000|  0%| F|  |TAMS 0x00000000e4100000, 0x00000000e4100000| Untracked 
|  66|0x00000000e4200000, 0x00000000e4200000, 0x00000000e4300000|  0%| F|  |TAMS 0x00000000e4200000, 0x00000000e4200000| Untracked 
|  67|0x00000000e4300000, 0x00000000e4300000, 0x00000000e4400000|  0%| F|  |TAMS 0x00000000e4300000, 0x00000000e4300000| Untracked 
|  68|0x00000000e4400000, 0x00000000e4400000, 0x00000000e4500000|  0%| F|  |TAMS 0x00000000e4400000, 0x00000000e4400000| Untracked 
|  69|0x00000000e4500000, 0x00000000e4500000, 0x00000000e4600000|  0%| F|  |TAMS 0x00000000e4500000, 0x00000000e4500000| Untracked 
|  70|0x00000000e4600000, 0x00000000e4600000, 0x00000000e4700000|  0%| F|  |TAMS 0x00000000e4600000, 0x00000000e4600000| Untracked 
|  71|0x00000000e4700000, 0x00000000e4700000, 0x00000000e4800000|  0%| F|  |TAMS 0x00000000e4700000, 0x00000000e4700000| Untracked 
|  72|0x00000000e4800000, 0x00000000e4800000, 0x00000000e4900000|  0%| F|  |TAMS 0x00000000e4800000, 0x00000000e4800000| Untracked 
|  73|0x00000000e4900000, 0x00000000e4900000, 0x00000000e4a00000|  0%| F|  |TAMS 0x00000000e4900000, 0x00000000e4900000| Untracked 
|  74|0x00000000e4a00000, 0x00000000e4a00000, 0x00000000e4b00000|  0%| F|  |TAMS 0x00000000e4a00000, 0x00000000e4a00000| Untracked 
|  75|0x00000000e4b00000, 0x00000000e4b00000, 0x00000000e4c00000|  0%| F|  |TAMS 0x00000000e4b00000, 0x00000000e4b00000| Untracked 
|  76|0x00000000e4c00000, 0x00000000e4c00000, 0x00000000e4d00000|  0%| F|  |TAMS 0x00000000e4c00000, 0x00000000e4c00000| Untracked 
|  77|0x00000000e4d00000, 0x00000000e4d00000, 0x00000000e4e00000|  0%| F|  |TAMS 0x00000000e4d00000, 0x00000000e4d00000| Untracked 
|  78|0x00000000e4e00000, 0x00000000e4e00000, 0x00000000e4f00000|  0%| F|  |TAMS 0x00000000e4e00000, 0x00000000e4e00000| Untracked 
|  79|0x00000000e4f00000, 0x00000000e4f00000, 0x00000000e5000000|  0%| F|  |TAMS 0x00000000e4f00000, 0x00000000e4f00000| Untracked 
|  80|0x00000000e5000000, 0x00000000e5000000, 0x00000000e5100000|  0%| F|  |TAMS 0x00000000e5000000, 0x00000000e5000000| Untracked 
|  81|0x00000000e5100000, 0x00000000e5100000, 0x00000000e5200000|  0%| F|  |TAMS 0x00000000e5100000, 0x00000000e5100000| Untracked 
|  82|0x00000000e5200000, 0x00000000e5200000, 0x00000000e5300000|  0%| F|  |TAMS 0x00000000e5200000, 0x00000000e5200000| Untracked 
|  83|0x00000000e5300000, 0x00000000e5300000, 0x00000000e5400000|  0%| F|  |TAMS 0x00000000e5300000, 0x00000000e5300000| Untracked 
|  84|0x00000000e5400000, 0x00000000e5400000, 0x00000000e5500000|  0%| F|  |TAMS 0x00000000e5400000, 0x00000000e5400000| Untracked 
|  85|0x00000000e5500000, 0x00000000e5500000, 0x00000000e5600000|  0%| F|  |TAMS 0x00000000e5500000, 0x00000000e5500000| Untracked 
|  86|0x00000000e5600000, 0x00000000e5600000, 0x00000000e5700000|  0%| F|  |TAMS 0x00000000e5600000, 0x00000000e5600000| Untracked 
|  87|0x00000000e5700000, 0x00000000e5700000, 0x00000000e5800000|  0%| F|  |TAMS 0x00000000e5700000, 0x00000000e5700000| Untracked 
|  88|0x00000000e5800000, 0x00000000e5800000, 0x00000000e5900000|  0%| F|  |TAMS 0x00000000e5800000, 0x00000000e5800000| Untracked 
|  89|0x00000000e5900000, 0x00000000e5900000, 0x00000000e5a00000|  0%| F|  |TAMS 0x00000000e5900000, 0x00000000e5900000| Untracked 
|  90|0x00000000e5a00000, 0x00000000e5a00000, 0x00000000e5b00000|  0%| F|  |TAMS 0x00000000e5a00000, 0x00000000e5a00000| Untracked 
|  91|0x00000000e5b00000, 0x00000000e5b00000, 0x00000000e5c00000|  0%| F|  |TAMS 0x00000000e5b00000, 0x00000000e5b00000| Untracked 
|  92|0x00000000e5c00000, 0x00000000e5c00000, 0x00000000e5d00000|  0%| F|  |TAMS 0x00000000e5c00000, 0x00000000e5c00000| Untracked 
|  93|0x00000000e5d00000, 0x00000000e5dd7400, 0x00000000e5e00000| 84%| S|CS|TAMS 0x00000000e5d00000, 0x00000000e5d00000| Complete 
|  94|0x00000000e5e00000, 0x00000000e5f00000, 0x00000000e5f00000|100%| S|CS|TAMS 0x00000000e5e00000, 0x00000000e5e00000| Complete 
|  95|0x00000000e5f00000, 0x00000000e6000000, 0x00000000e6000000|100%| S|CS|TAMS 0x00000000e5f00000, 0x00000000e5f00000| Complete 
|  96|0x00000000e6000000, 0x00000000e6100000, 0x00000000e6100000|100%| S|CS|TAMS 0x00000000e6000000, 0x00000000e6000000| Complete 
|  97|0x00000000e6100000, 0x00000000e6200000, 0x00000000e6200000|100%| S|CS|TAMS 0x00000000e6100000, 0x00000000e6100000| Complete 
|  98|0x00000000e6200000, 0x00000000e6300000, 0x00000000e6300000|100%| S|CS|TAMS 0x00000000e6200000, 0x00000000e6200000| Complete 
|  99|0x00000000e6300000, 0x00000000e6400000, 0x00000000e6400000|100%| S|CS|TAMS 0x00000000e6300000, 0x00000000e6300000| Complete 
| 100|0x00000000e6400000, 0x00000000e6500000, 0x00000000e6500000|100%| S|CS|TAMS 0x00000000e6400000, 0x00000000e6400000| Complete 
| 101|0x00000000e6500000, 0x00000000e6600000, 0x00000000e6600000|100%| S|CS|TAMS 0x00000000e6500000, 0x00000000e6500000| Complete 
| 102|0x00000000e6600000, 0x00000000e6700000, 0x00000000e6700000|100%| S|CS|TAMS 0x00000000e6600000, 0x00000000e6600000| Complete 
| 103|0x00000000e6700000, 0x00000000e6700000, 0x00000000e6800000|  0%| F|  |TAMS 0x00000000e6700000, 0x00000000e6700000| Untracked 
| 104|0x00000000e6800000, 0x00000000e6800000, 0x00000000e6900000|  0%| F|  |TAMS 0x00000000e6800000, 0x00000000e6800000| Untracked 
| 105|0x00000000e6900000, 0x00000000e6900000, 0x00000000e6a00000|  0%| F|  |TAMS 0x00000000e6900000, 0x00000000e6900000| Untracked 
| 106|0x00000000e6a00000, 0x00000000e6a00000, 0x00000000e6b00000|  0%| F|  |TAMS 0x00000000e6a00000, 0x00000000e6a00000| Untracked 
| 107|0x00000000e6b00000, 0x00000000e6b00000, 0x00000000e6c00000|  0%| F|  |TAMS 0x00000000e6b00000, 0x00000000e6b00000| Untracked 
| 108|0x00000000e6c00000, 0x00000000e6c00000, 0x00000000e6d00000|  0%| F|  |TAMS 0x00000000e6c00000, 0x00000000e6c00000| Untracked 
| 109|0x00000000e6d00000, 0x00000000e6d00000, 0x00000000e6e00000|  0%| F|  |TAMS 0x00000000e6d00000, 0x00000000e6d00000| Untracked 
| 110|0x00000000e6e00000, 0x00000000e6e00000, 0x00000000e6f00000|  0%| F|  |TAMS 0x00000000e6e00000, 0x00000000e6e00000| Untracked 
| 111|0x00000000e6f00000, 0x00000000e6f00000, 0x00000000e7000000|  0%| F|  |TAMS 0x00000000e6f00000, 0x00000000e6f00000| Untracked 
| 112|0x00000000e7000000, 0x00000000e7000000, 0x00000000e7100000|  0%| F|  |TAMS 0x00000000e7000000, 0x00000000e7000000| Untracked 
| 113|0x00000000e7100000, 0x00000000e7100000, 0x00000000e7200000|  0%| F|  |TAMS 0x00000000e7100000, 0x00000000e7100000| Untracked 
| 114|0x00000000e7200000, 0x00000000e7200000, 0x00000000e7300000|  0%| F|  |TAMS 0x00000000e7200000, 0x00000000e7200000| Untracked 
| 115|0x00000000e7300000, 0x00000000e7300000, 0x00000000e7400000|  0%| F|  |TAMS 0x00000000e7300000, 0x00000000e7300000| Untracked 
| 116|0x00000000e7400000, 0x00000000e7400000, 0x00000000e7500000|  0%| F|  |TAMS 0x00000000e7400000, 0x00000000e7400000| Untracked 
| 117|0x00000000e7500000, 0x00000000e7500000, 0x00000000e7600000|  0%| F|  |TAMS 0x00000000e7500000, 0x00000000e7500000| Untracked 
| 118|0x00000000e7600000, 0x00000000e7600000, 0x00000000e7700000|  0%| F|  |TAMS 0x00000000e7600000, 0x00000000e7600000| Untracked 
| 119|0x00000000e7700000, 0x00000000e7700000, 0x00000000e7800000|  0%| F|  |TAMS 0x00000000e7700000, 0x00000000e7700000| Untracked 
| 120|0x00000000e7800000, 0x00000000e7800000, 0x00000000e7900000|  0%| F|  |TAMS 0x00000000e7800000, 0x00000000e7800000| Untracked 
| 121|0x00000000e7900000, 0x00000000e7900000, 0x00000000e7a00000|  0%| F|  |TAMS 0x00000000e7900000, 0x00000000e7900000| Untracked 
| 122|0x00000000e7a00000, 0x00000000e7a00000, 0x00000000e7b00000|  0%| F|  |TAMS 0x00000000e7a00000, 0x00000000e7a00000| Untracked 
| 123|0x00000000e7b00000, 0x00000000e7b00000, 0x00000000e7c00000|  0%| F|  |TAMS 0x00000000e7b00000, 0x00000000e7b00000| Untracked 
| 124|0x00000000e7c00000, 0x00000000e7c00000, 0x00000000e7d00000|  0%| F|  |TAMS 0x00000000e7c00000, 0x00000000e7c00000| Untracked 
| 125|0x00000000e7d00000, 0x00000000e7d00000, 0x00000000e7e00000|  0%| F|  |TAMS 0x00000000e7d00000, 0x00000000e7d00000| Untracked 
| 126|0x00000000e7e00000, 0x00000000e7e00000, 0x00000000e7f00000|  0%| F|  |TAMS 0x00000000e7e00000, 0x00000000e7e00000| Untracked 
| 127|0x00000000e7f00000, 0x00000000e7f00000, 0x00000000e8000000|  0%| F|  |TAMS 0x00000000e7f00000, 0x00000000e7f00000| Untracked 
| 128|0x00000000e8000000, 0x00000000e8000000, 0x00000000e8100000|  0%| F|  |TAMS 0x00000000e8000000, 0x00000000e8000000| Untracked 
| 129|0x00000000e8100000, 0x00000000e8100000, 0x00000000e8200000|  0%| F|  |TAMS 0x00000000e8100000, 0x00000000e8100000| Untracked 
| 130|0x00000000e8200000, 0x00000000e8200000, 0x00000000e8300000|  0%| F|  |TAMS 0x00000000e8200000, 0x00000000e8200000| Untracked 
| 131|0x00000000e8300000, 0x00000000e8300000, 0x00000000e8400000|  0%| F|  |TAMS 0x00000000e8300000, 0x00000000e8300000| Untracked 
| 132|0x00000000e8400000, 0x00000000e8400000, 0x00000000e8500000|  0%| F|  |TAMS 0x00000000e8400000, 0x00000000e8400000| Untracked 
| 133|0x00000000e8500000, 0x00000000e8500000, 0x00000000e8600000|  0%| F|  |TAMS 0x00000000e8500000, 0x00000000e8500000| Untracked 
| 134|0x00000000e8600000, 0x00000000e8600000, 0x00000000e8700000|  0%| F|  |TAMS 0x00000000e8600000, 0x00000000e8600000| Untracked 
| 135|0x00000000e8700000, 0x00000000e8700000, 0x00000000e8800000|  0%| F|  |TAMS 0x00000000e8700000, 0x00000000e8700000| Untracked 
| 136|0x00000000e8800000, 0x00000000e8800000, 0x00000000e8900000|  0%| F|  |TAMS 0x00000000e8800000, 0x00000000e8800000| Untracked 
| 137|0x00000000e8900000, 0x00000000e8900000, 0x00000000e8a00000|  0%| F|  |TAMS 0x00000000e8900000, 0x00000000e8900000| Untracked 
| 138|0x00000000e8a00000, 0x00000000e8a00000, 0x00000000e8b00000|  0%| F|  |TAMS 0x00000000e8a00000, 0x00000000e8a00000| Untracked 
| 139|0x00000000e8b00000, 0x00000000e8b00000, 0x00000000e8c00000|  0%| F|  |TAMS 0x00000000e8b00000, 0x00000000e8b00000| Untracked 
| 140|0x00000000e8c00000, 0x00000000e8c00000, 0x00000000e8d00000|  0%| F|  |TAMS 0x00000000e8c00000, 0x00000000e8c00000| Untracked 
| 141|0x00000000e8d00000, 0x00000000e8d00000, 0x00000000e8e00000|  0%| F|  |TAMS 0x00000000e8d00000, 0x00000000e8d00000| Untracked 
| 142|0x00000000e8e00000, 0x00000000e8e00000, 0x00000000e8f00000|  0%| F|  |TAMS 0x00000000e8e00000, 0x00000000e8e00000| Untracked 
| 143|0x00000000e8f00000, 0x00000000e8f00000, 0x00000000e9000000|  0%| F|  |TAMS 0x00000000e8f00000, 0x00000000e8f00000| Untracked 
| 144|0x00000000e9000000, 0x00000000e9000000, 0x00000000e9100000|  0%| F|  |TAMS 0x00000000e9000000, 0x00000000e9000000| Untracked 
| 145|0x00000000e9100000, 0x00000000e9100000, 0x00000000e9200000|  0%| F|  |TAMS 0x00000000e9100000, 0x00000000e9100000| Untracked 
| 146|0x00000000e9200000, 0x00000000e9200000, 0x00000000e9300000|  0%| F|  |TAMS 0x00000000e9200000, 0x00000000e9200000| Untracked 
| 147|0x00000000e9300000, 0x00000000e9300000, 0x00000000e9400000|  0%| F|  |TAMS 0x00000000e9300000, 0x00000000e9300000| Untracked 
| 148|0x00000000e9400000, 0x00000000e9400000, 0x00000000e9500000|  0%| F|  |TAMS 0x00000000e9400000, 0x00000000e9400000| Untracked 
| 149|0x00000000e9500000, 0x00000000e9500000, 0x00000000e9600000|  0%| F|  |TAMS 0x00000000e9500000, 0x00000000e9500000| Untracked 
| 150|0x00000000e9600000, 0x00000000e9600000, 0x00000000e9700000|  0%| F|  |TAMS 0x00000000e9600000, 0x00000000e9600000| Untracked 
| 151|0x00000000e9700000, 0x00000000e9700000, 0x00000000e9800000|  0%| F|  |TAMS 0x00000000e9700000, 0x00000000e9700000| Untracked 
| 152|0x00000000e9800000, 0x00000000e9800000, 0x00000000e9900000|  0%| F|  |TAMS 0x00000000e9800000, 0x00000000e9800000| Untracked 
| 153|0x00000000e9900000, 0x00000000e9900000, 0x00000000e9a00000|  0%| F|  |TAMS 0x00000000e9900000, 0x00000000e9900000| Untracked 
| 154|0x00000000e9a00000, 0x00000000e9a00000, 0x00000000e9b00000|  0%| F|  |TAMS 0x00000000e9a00000, 0x00000000e9a00000| Untracked 
| 155|0x00000000e9b00000, 0x00000000e9b00000, 0x00000000e9c00000|  0%| F|  |TAMS 0x00000000e9b00000, 0x00000000e9b00000| Untracked 
| 156|0x00000000e9c00000, 0x00000000e9c00000, 0x00000000e9d00000|  0%| F|  |TAMS 0x00000000e9c00000, 0x00000000e9c00000| Untracked 
| 157|0x00000000e9d00000, 0x00000000e9d00000, 0x00000000e9e00000|  0%| F|  |TAMS 0x00000000e9d00000, 0x00000000e9d00000| Untracked 
| 158|0x00000000e9e00000, 0x00000000e9e00000, 0x00000000e9f00000|  0%| F|  |TAMS 0x00000000e9e00000, 0x00000000e9e00000| Untracked 
| 159|0x00000000e9f00000, 0x00000000e9f00000, 0x00000000ea000000|  0%| F|  |TAMS 0x00000000e9f00000, 0x00000000e9f00000| Untracked 
| 160|0x00000000ea000000, 0x00000000ea000000, 0x00000000ea100000|  0%| F|  |TAMS 0x00000000ea000000, 0x00000000ea000000| Untracked 
| 161|0x00000000ea100000, 0x00000000ea100000, 0x00000000ea200000|  0%| F|  |TAMS 0x00000000ea100000, 0x00000000ea100000| Untracked 
| 162|0x00000000ea200000, 0x00000000ea200000, 0x00000000ea300000|  0%| F|  |TAMS 0x00000000ea200000, 0x00000000ea200000| Untracked 
| 163|0x00000000ea300000, 0x00000000ea300000, 0x00000000ea400000|  0%| F|  |TAMS 0x00000000ea300000, 0x00000000ea300000| Untracked 
| 164|0x00000000ea400000, 0x00000000ea400000, 0x00000000ea500000|  0%| F|  |TAMS 0x00000000ea400000, 0x00000000ea400000| Untracked 
| 165|0x00000000ea500000, 0x00000000ea600000, 0x00000000ea600000|100%| E|  |TAMS 0x00000000ea500000, 0x00000000ea500000| Complete 
| 166|0x00000000ea600000, 0x00000000ea700000, 0x00000000ea700000|100%| E|CS|TAMS 0x00000000ea600000, 0x00000000ea600000| Complete 
| 167|0x00000000ea700000, 0x00000000ea800000, 0x00000000ea800000|100%| E|CS|TAMS 0x00000000ea700000, 0x00000000ea700000| Complete 
| 168|0x00000000ea800000, 0x00000000ea900000, 0x00000000ea900000|100%| E|CS|TAMS 0x00000000ea800000, 0x00000000ea800000| Complete 
| 169|0x00000000ea900000, 0x00000000eaa00000, 0x00000000eaa00000|100%| E|CS|TAMS 0x00000000ea900000, 0x00000000ea900000| Complete 
| 170|0x00000000eaa00000, 0x00000000eab00000, 0x00000000eab00000|100%| E|CS|TAMS 0x00000000eaa00000, 0x00000000eaa00000| Complete 
| 171|0x00000000eab00000, 0x00000000eac00000, 0x00000000eac00000|100%| E|CS|TAMS 0x00000000eab00000, 0x00000000eab00000| Complete 
| 172|0x00000000eac00000, 0x00000000ead00000, 0x00000000ead00000|100%| E|CS|TAMS 0x00000000eac00000, 0x00000000eac00000| Complete 
| 173|0x00000000ead00000, 0x00000000eae00000, 0x00000000eae00000|100%| E|CS|TAMS 0x00000000ead00000, 0x00000000ead00000| Complete 
| 174|0x00000000eae00000, 0x00000000eaf00000, 0x00000000eaf00000|100%| E|CS|TAMS 0x00000000eae00000, 0x00000000eae00000| Complete 
| 175|0x00000000eaf00000, 0x00000000eb000000, 0x00000000eb000000|100%| E|CS|TAMS 0x00000000eaf00000, 0x00000000eaf00000| Complete 
| 176|0x00000000eb000000, 0x00000000eb100000, 0x00000000eb100000|100%| E|CS|TAMS 0x00000000eb000000, 0x00000000eb000000| Complete 
| 177|0x00000000eb100000, 0x00000000eb200000, 0x00000000eb200000|100%| E|CS|TAMS 0x00000000eb100000, 0x00000000eb100000| Complete 
| 178|0x00000000eb200000, 0x00000000eb300000, 0x00000000eb300000|100%| E|CS|TAMS 0x00000000eb200000, 0x00000000eb200000| Complete 
| 179|0x00000000eb300000, 0x00000000eb400000, 0x00000000eb400000|100%| E|CS|TAMS 0x00000000eb300000, 0x00000000eb300000| Complete 
| 180|0x00000000eb400000, 0x00000000eb500000, 0x00000000eb500000|100%| E|CS|TAMS 0x00000000eb400000, 0x00000000eb400000| Complete 
| 181|0x00000000eb500000, 0x00000000eb600000, 0x00000000eb600000|100%| E|CS|TAMS 0x00000000eb500000, 0x00000000eb500000| Complete 
| 182|0x00000000eb600000, 0x00000000eb700000, 0x00000000eb700000|100%| E|CS|TAMS 0x00000000eb600000, 0x00000000eb600000| Complete 
| 183|0x00000000eb700000, 0x00000000eb800000, 0x00000000eb800000|100%| E|CS|TAMS 0x00000000eb700000, 0x00000000eb700000| Complete 
| 184|0x00000000eb800000, 0x00000000eb900000, 0x00000000eb900000|100%| E|CS|TAMS 0x00000000eb800000, 0x00000000eb800000| Complete 
| 185|0x00000000eb900000, 0x00000000eba00000, 0x00000000eba00000|100%| E|CS|TAMS 0x00000000eb900000, 0x00000000eb900000| Complete 
| 186|0x00000000eba00000, 0x00000000ebb00000, 0x00000000ebb00000|100%| E|CS|TAMS 0x00000000eba00000, 0x00000000eba00000| Complete 
| 187|0x00000000ebb00000, 0x00000000ebc00000, 0x00000000ebc00000|100%| E|CS|TAMS 0x00000000ebb00000, 0x00000000ebb00000| Complete 
| 188|0x00000000ebc00000, 0x00000000ebd00000, 0x00000000ebd00000|100%| E|CS|TAMS 0x00000000ebc00000, 0x00000000ebc00000| Complete 
| 189|0x00000000ebd00000, 0x00000000ebe00000, 0x00000000ebe00000|100%| E|CS|TAMS 0x00000000ebd00000, 0x00000000ebd00000| Complete 
| 190|0x00000000ebe00000, 0x00000000ebf00000, 0x00000000ebf00000|100%| E|CS|TAMS 0x00000000ebe00000, 0x00000000ebe00000| Complete 
| 191|0x00000000ebf00000, 0x00000000ec000000, 0x00000000ec000000|100%| E|CS|TAMS 0x00000000ebf00000, 0x00000000ebf00000| Complete 
| 192|0x00000000ec000000, 0x00000000ec100000, 0x00000000ec100000|100%| E|CS|TAMS 0x00000000ec000000, 0x00000000ec000000| Complete 
| 193|0x00000000ec100000, 0x00000000ec200000, 0x00000000ec200000|100%| E|CS|TAMS 0x00000000ec100000, 0x00000000ec100000| Complete 
| 194|0x00000000ec200000, 0x00000000ec300000, 0x00000000ec300000|100%| E|CS|TAMS 0x00000000ec200000, 0x00000000ec200000| Complete 
| 195|0x00000000ec300000, 0x00000000ec400000, 0x00000000ec400000|100%| E|CS|TAMS 0x00000000ec300000, 0x00000000ec300000| Complete 
| 196|0x00000000ec400000, 0x00000000ec500000, 0x00000000ec500000|100%| E|CS|TAMS 0x00000000ec400000, 0x00000000ec400000| Complete 
| 197|0x00000000ec500000, 0x00000000ec600000, 0x00000000ec600000|100%| E|CS|TAMS 0x00000000ec500000, 0x00000000ec500000| Complete 
| 198|0x00000000ec600000, 0x00000000ec700000, 0x00000000ec700000|100%| E|CS|TAMS 0x00000000ec600000, 0x00000000ec600000| Complete 
| 199|0x00000000ec700000, 0x00000000ec800000, 0x00000000ec800000|100%| E|CS|TAMS 0x00000000ec700000, 0x00000000ec700000| Complete 
| 200|0x00000000ec800000, 0x00000000ec900000, 0x00000000ec900000|100%| E|CS|TAMS 0x00000000ec800000, 0x00000000ec800000| Complete 
| 201|0x00000000ec900000, 0x00000000eca00000, 0x00000000eca00000|100%| E|CS|TAMS 0x00000000ec900000, 0x00000000ec900000| Complete 
| 202|0x00000000eca00000, 0x00000000ecb00000, 0x00000000ecb00000|100%| E|CS|TAMS 0x00000000eca00000, 0x00000000eca00000| Complete 
| 203|0x00000000ecb00000, 0x00000000ecc00000, 0x00000000ecc00000|100%| E|CS|TAMS 0x00000000ecb00000, 0x00000000ecb00000| Complete 
| 204|0x00000000ecc00000, 0x00000000ecd00000, 0x00000000ecd00000|100%| E|CS|TAMS 0x00000000ecc00000, 0x00000000ecc00000| Complete 
| 205|0x00000000ecd00000, 0x00000000ece00000, 0x00000000ece00000|100%| E|CS|TAMS 0x00000000ecd00000, 0x00000000ecd00000| Complete 
| 206|0x00000000ece00000, 0x00000000ecf00000, 0x00000000ecf00000|100%| E|CS|TAMS 0x00000000ece00000, 0x00000000ece00000| Complete 
| 207|0x00000000ecf00000, 0x00000000ed000000, 0x00000000ed000000|100%| E|CS|TAMS 0x00000000ecf00000, 0x00000000ecf00000| Complete 
| 208|0x00000000ed000000, 0x00000000ed100000, 0x00000000ed100000|100%| E|CS|TAMS 0x00000000ed000000, 0x00000000ed000000| Complete 
| 209|0x00000000ed100000, 0x00000000ed200000, 0x00000000ed200000|100%| E|CS|TAMS 0x00000000ed100000, 0x00000000ed100000| Complete 
| 210|0x00000000ed200000, 0x00000000ed300000, 0x00000000ed300000|100%| E|CS|TAMS 0x00000000ed200000, 0x00000000ed200000| Complete 
| 211|0x00000000ed300000, 0x00000000ed400000, 0x00000000ed400000|100%| E|CS|TAMS 0x00000000ed300000, 0x00000000ed300000| Complete 
| 212|0x00000000ed400000, 0x00000000ed500000, 0x00000000ed500000|100%| E|CS|TAMS 0x00000000ed400000, 0x00000000ed400000| Complete 
| 213|0x00000000ed500000, 0x00000000ed600000, 0x00000000ed600000|100%| E|CS|TAMS 0x00000000ed500000, 0x00000000ed500000| Complete 
| 214|0x00000000ed600000, 0x00000000ed700000, 0x00000000ed700000|100%| E|CS|TAMS 0x00000000ed600000, 0x00000000ed600000| Complete 
| 215|0x00000000ed700000, 0x00000000ed800000, 0x00000000ed800000|100%| E|CS|TAMS 0x00000000ed700000, 0x00000000ed700000| Complete 
| 216|0x00000000ed800000, 0x00000000ed900000, 0x00000000ed900000|100%| E|CS|TAMS 0x00000000ed800000, 0x00000000ed800000| Complete 
| 217|0x00000000ed900000, 0x00000000eda00000, 0x00000000eda00000|100%| E|CS|TAMS 0x00000000ed900000, 0x00000000ed900000| Complete 
| 218|0x00000000eda00000, 0x00000000edb00000, 0x00000000edb00000|100%| E|CS|TAMS 0x00000000eda00000, 0x00000000eda00000| Complete 
| 219|0x00000000edb00000, 0x00000000edc00000, 0x00000000edc00000|100%| E|CS|TAMS 0x00000000edb00000, 0x00000000edb00000| Complete 
| 220|0x00000000edc00000, 0x00000000edd00000, 0x00000000edd00000|100%| E|CS|TAMS 0x00000000edc00000, 0x00000000edc00000| Complete 
| 221|0x00000000edd00000, 0x00000000ede00000, 0x00000000ede00000|100%| E|CS|TAMS 0x00000000edd00000, 0x00000000edd00000| Complete 
| 222|0x00000000ede00000, 0x00000000edf00000, 0x00000000edf00000|100%| E|CS|TAMS 0x00000000ede00000, 0x00000000ede00000| Complete 
| 223|0x00000000edf00000, 0x00000000ee000000, 0x00000000ee000000|100%| E|CS|TAMS 0x00000000edf00000, 0x00000000edf00000| Complete 
| 224|0x00000000ee000000, 0x00000000ee100000, 0x00000000ee100000|100%| E|CS|TAMS 0x00000000ee000000, 0x00000000ee000000| Complete 
| 225|0x00000000ee100000, 0x00000000ee200000, 0x00000000ee200000|100%| E|CS|TAMS 0x00000000ee100000, 0x00000000ee100000| Complete 
| 226|0x00000000ee200000, 0x00000000ee300000, 0x00000000ee300000|100%| E|CS|TAMS 0x00000000ee200000, 0x00000000ee200000| Complete 
| 227|0x00000000ee300000, 0x00000000ee400000, 0x00000000ee400000|100%| E|CS|TAMS 0x00000000ee300000, 0x00000000ee300000| Complete 
| 228|0x00000000ee400000, 0x00000000ee500000, 0x00000000ee500000|100%| E|CS|TAMS 0x00000000ee400000, 0x00000000ee400000| Complete 
| 229|0x00000000ee500000, 0x00000000ee600000, 0x00000000ee600000|100%| E|CS|TAMS 0x00000000ee500000, 0x00000000ee500000| Complete 
| 230|0x00000000ee600000, 0x00000000ee700000, 0x00000000ee700000|100%| E|CS|TAMS 0x00000000ee600000, 0x00000000ee600000| Complete 
| 231|0x00000000ee700000, 0x00000000ee800000, 0x00000000ee800000|100%| E|CS|TAMS 0x00000000ee700000, 0x00000000ee700000| Complete 
| 232|0x00000000ee800000, 0x00000000ee900000, 0x00000000ee900000|100%| E|CS|TAMS 0x00000000ee800000, 0x00000000ee800000| Complete 
| 233|0x00000000ee900000, 0x00000000eea00000, 0x00000000eea00000|100%| E|CS|TAMS 0x00000000ee900000, 0x00000000ee900000| Complete 
| 234|0x00000000eea00000, 0x00000000eeb00000, 0x00000000eeb00000|100%| E|CS|TAMS 0x00000000eea00000, 0x00000000eea00000| Complete 
| 235|0x00000000eeb00000, 0x00000000eec00000, 0x00000000eec00000|100%| E|CS|TAMS 0x00000000eeb00000, 0x00000000eeb00000| Complete 
| 236|0x00000000eec00000, 0x00000000eed00000, 0x00000000eed00000|100%| E|CS|TAMS 0x00000000eec00000, 0x00000000eec00000| Complete 
| 237|0x00000000eed00000, 0x00000000eee00000, 0x00000000eee00000|100%| E|CS|TAMS 0x00000000eed00000, 0x00000000eed00000| Complete 
| 238|0x00000000eee00000, 0x00000000eef00000, 0x00000000eef00000|100%| E|CS|TAMS 0x00000000eee00000, 0x00000000eee00000| Complete 
| 239|0x00000000eef00000, 0x00000000ef000000, 0x00000000ef000000|100%| E|CS|TAMS 0x00000000eef00000, 0x00000000eef00000| Complete 
| 240|0x00000000ef000000, 0x00000000ef100000, 0x00000000ef100000|100%| E|CS|TAMS 0x00000000ef000000, 0x00000000ef000000| Complete 
| 241|0x00000000ef100000, 0x00000000ef200000, 0x00000000ef200000|100%| E|CS|TAMS 0x00000000ef100000, 0x00000000ef100000| Complete 
| 242|0x00000000ef200000, 0x00000000ef300000, 0x00000000ef300000|100%| E|CS|TAMS 0x00000000ef200000, 0x00000000ef200000| Complete 
| 243|0x00000000ef300000, 0x00000000ef400000, 0x00000000ef400000|100%| E|CS|TAMS 0x00000000ef300000, 0x00000000ef300000| Complete 
| 244|0x00000000ef400000, 0x00000000ef500000, 0x00000000ef500000|100%| E|CS|TAMS 0x00000000ef400000, 0x00000000ef400000| Complete 
| 245|0x00000000ef500000, 0x00000000ef600000, 0x00000000ef600000|100%| E|CS|TAMS 0x00000000ef500000, 0x00000000ef500000| Complete 
| 246|0x00000000ef600000, 0x00000000ef700000, 0x00000000ef700000|100%| E|CS|TAMS 0x00000000ef600000, 0x00000000ef600000| Complete 
| 247|0x00000000ef700000, 0x00000000ef800000, 0x00000000ef800000|100%| E|CS|TAMS 0x00000000ef700000, 0x00000000ef700000| Complete 
| 248|0x00000000ef800000, 0x00000000ef900000, 0x00000000ef900000|100%| E|CS|TAMS 0x00000000ef800000, 0x00000000ef800000| Complete 
| 249|0x00000000ef900000, 0x00000000efa00000, 0x00000000efa00000|100%| E|CS|TAMS 0x00000000ef900000, 0x00000000ef900000| Complete 
| 250|0x00000000efa00000, 0x00000000efb00000, 0x00000000efb00000|100%| E|CS|TAMS 0x00000000efa00000, 0x00000000efa00000| Complete 
| 251|0x00000000efb00000, 0x00000000efc00000, 0x00000000efc00000|100%| E|CS|TAMS 0x00000000efb00000, 0x00000000efb00000| Complete 
| 252|0x00000000efc00000, 0x00000000efd00000, 0x00000000efd00000|100%| E|CS|TAMS 0x00000000efc00000, 0x00000000efc00000| Complete 
| 253|0x00000000efd00000, 0x00000000efe00000, 0x00000000efe00000|100%| E|CS|TAMS 0x00000000efd00000, 0x00000000efd00000| Complete 
| 254|0x00000000efe00000, 0x00000000eff00000, 0x00000000eff00000|100%| E|CS|TAMS 0x00000000efe00000, 0x00000000efe00000| Complete 
| 255|0x00000000eff00000, 0x00000000f0000000, 0x00000000f0000000|100%| E|CS|TAMS 0x00000000eff00000, 0x00000000eff00000| Complete 

Card table byte_map: [0x0000023cf2f50000,0x0000023cf3050000] _byte_map_base: 0x0000023cf2850000

Marking Bits (Prev, Next): (CMBitMap*) 0x0000023cdacb2f90, (CMBitMap*) 0x0000023cdacb2f58
 Prev Bits: [0x0000023cf3950000, 0x0000023cf4150000)
 Next Bits: [0x0000023cf3150000, 0x0000023cf3950000)

Polling page: 0x0000023cd93e0000

Metaspace:

Usage:
  Non-class:     65.84 MB capacity,    64.35 MB ( 98%) used,     1.25 MB (  2%) free+waste,   249.56 KB ( <1%) overhead. 
      Class:     10.61 MB capacity,     9.75 MB ( 92%) used,   760.41 KB (  7%) free+waste,   120.25 KB (  1%) overhead. 
       Both:     76.45 MB capacity,    74.10 MB ( 97%) used,     1.99 MB (  3%) free+waste,   369.81 KB ( <1%) overhead. 

Virtual space:
  Non-class space:       68.00 MB reserved,      66.08 MB ( 97%) committed 
      Class space:      248.00 MB reserved,      10.63 MB (  4%) committed 
             Both:      316.00 MB reserved,      76.71 MB ( 24%) committed 

Chunk freelists:
   Non-Class:  47.00 KB
       Class:  0 bytes
        Both:  47.00 KB

MaxMetaspaceSize: 256.00 MB
CompressedClassSpaceSize: 248.00 MB
Initial GC threshold: 20.80 MB
Current GC threshold: 98.68 MB
CDS: off

CodeHeap 'non-profiled nmethods': size=120000Kb used=5011Kb max_used=5011Kb free=114988Kb
 bounds [0x0000023ceaec0000, 0x0000023ceb3b0000, 0x0000023cf23f0000]
CodeHeap 'profiled nmethods': size=120000Kb used=16231Kb max_used=16231Kb free=103768Kb
 bounds [0x0000023ce3990000, 0x0000023ce4970000, 0x0000023ceaec0000]
CodeHeap 'non-nmethods': size=5760Kb used=2387Kb max_used=2426Kb free=3372Kb
 bounds [0x0000023ce33f0000, 0x0000023ce3660000, 0x0000023ce3990000]
 total_blobs=8727 nmethods=7813 adapters=826
 compilation: enabled
              stopped_count=0, restarted_count=0
 full_count=0

Compilation events (20 events):
Event: 11.946 Thread 0x0000023cf752e000 nmethod 7840 0x0000023ce4966110 code [0x0000023ce49662e0, 0x0000023ce49664d8]
Event: 11.946 Thread 0x0000023cf752e000 7838       3       org.gradle.internal.time.DefaultCountdownTimer::getRemainingMillis (14 bytes)
Event: 11.946 Thread 0x0000023cf752e000 nmethod 7838 0x0000023ce4966610 code [0x0000023ce4966800, 0x0000023ce4966c88]
Event: 11.946 Thread 0x0000023cf752e000 7839       3       java.io.ObjectOutputStream::writeString (74 bytes)
Event: 11.947 Thread 0x0000023cf752e000 nmethod 7839 0x0000023ce4966e90 code [0x0000023ce4967120, 0x0000023ce4967938]
Event: 11.947 Thread 0x0000023cf752e000 7842       3       org.gradle.internal.snapshot.MediumChildMap::<init> (6 bytes)
Event: 11.947 Thread 0x0000023cf752e000 nmethod 7842 0x0000023ce4967d90 code [0x0000023ce4967f40, 0x0000023ce4968158]
Event: 11.947 Thread 0x0000023cf752e000 7841       1       org.gradle.api.internal.tasks.properties.AbstractFilePropertySpec::getPropertyFiles (5 bytes)
Event: 11.947 Thread 0x0000023cf752e000 nmethod 7841 0x0000023ceb3a4a10 code [0x0000023ceb3a4bc0, 0x0000023ceb3a4c78]
Event: 11.948 Thread 0x0000023cf752e000 7843       3       java.util.ArrayDeque::nonNullElementAt (18 bytes)
Event: 11.949 Thread 0x0000023cf752e000 nmethod 7843 0x0000023ce4968290 code [0x0000023ce4968460, 0x0000023ce4968668]
Event: 11.949 Thread 0x0000023cf752e000 7844       3       org.gradle.api.internal.provider.AbstractMinimalProvider::getOrNull (13 bytes)
Event: 11.949 Thread 0x0000023cf752e000 nmethod 7844 0x0000023ce4968790 code [0x0000023ce4968960, 0x0000023ce4968bd8]
Event: 11.950 Thread 0x0000023cf752e000 7845       3       org.gradle.api.tasks.util.PatternSet::getIncludes (19 bytes)
Event: 11.951 Thread 0x0000023cf752e000 nmethod 7845 0x0000023ce4968c90 code [0x0000023ce4968ec0, 0x0000023ce4969488]
Event: 11.951 Thread 0x0000023cf752e000 7846       3       org.gradle.internal.vfs.impl.AbstractVirtualFileSystem::findSnapshot (14 bytes)
Event: 11.952 Thread 0x0000023cf752e000 nmethod 7846 0x0000023ce4969690 code [0x0000023ce4969860, 0x0000023ce4969a48]
Event: 11.952 Thread 0x0000023cf752e000 7849       3       org.gradle.internal.snapshot.FileSystemLeafSnapshot::accept (8 bytes)
Event: 11.952 Thread 0x0000023cf752e000 nmethod 7849 0x0000023ce4969b10 code [0x0000023ce4969cc0, 0x0000023ce4969e88]
Event: 11.952 Thread 0x0000023cf752e000 7847       3       org.gradle.internal.snapshot.SnapshotHierarchy::findSnapshot (38 bytes)

GC Heap History (16 events):
Event: 0.416 GC heap before
{Heap before GC invocations=0 (full 0):
 garbage-first heap   total 262144K, used 29696K [0x00000000e0000000, 0x0000000100000000)
  region size 1024K, 24 young (24576K), 0 survivors (0K)
 Metaspace       used 10163K, capacity 10496K, committed 10624K, reserved 264192K
  class space    used 1041K, capacity 1137K, committed 1152K, reserved 253952K
}
Event: 0.418 GC heap after
{Heap after GC invocations=1 (full 0):
 garbage-first heap   total 262144K, used 9494K [0x00000000e0000000, 0x0000000100000000)
  region size 1024K, 3 young (3072K), 3 survivors (3072K)
 Metaspace       used 10163K, capacity 10496K, committed 10624K, reserved 264192K
  class space    used 1041K, capacity 1137K, committed 1152K, reserved 253952K
}
Event: 1.616 GC heap before
{Heap before GC invocations=1 (full 0):
 garbage-first heap   total 262144K, used 105750K [0x00000000e0000000, 0x0000000100000000)
  region size 1024K, 98 young (100352K), 3 survivors (3072K)
 Metaspace       used 20729K, capacity 21194K, committed 21296K, reserved 274432K
  class space    used 2519K, capacity 2684K, committed 2688K, reserved 253952K
}
Event: 1.623 GC heap after
{Heap after GC invocations=2 (full 0):
 garbage-first heap   total 262144K, used 16949K [0x00000000e0000000, 0x0000000100000000)
  region size 1024K, 11 young (11264K), 11 survivors (11264K)
 Metaspace       used 20729K, capacity 21194K, committed 21296K, reserved 274432K
  class space    used 2519K, capacity 2684K, committed 2688K, reserved 253952K
}
Event: 1.857 GC heap before
{Heap before GC invocations=3 (full 0):
 garbage-first heap   total 262144K, used 50741K [0x00000000e0000000, 0x0000000100000000)
  region size 1024K, 44 young (45056K), 11 survivors (11264K)
 Metaspace       used 24237K, capacity 24798K, committed 25008K, reserved 276480K
  class space    used 3038K, capacity 3251K, committed 3328K, reserved 253952K
}
Event: 1.861 GC heap after
{Heap after GC invocations=4 (full 0):
 garbage-first heap   total 262144K, used 18359K [0x00000000e0000000, 0x0000000100000000)
  region size 1024K, 2 young (2048K), 2 survivors (2048K)
 Metaspace       used 24237K, capacity 24798K, committed 25008K, reserved 276480K
  class space    used 3038K, capacity 3251K, committed 3328K, reserved 253952K
}
Event: 2.622 GC heap before
{Heap before GC invocations=4 (full 0):
 garbage-first heap   total 262144K, used 101303K [0x00000000e0000000, 0x0000000100000000)
  region size 1024K, 84 young (86016K), 2 survivors (2048K)
 Metaspace       used 35038K, capacity 35802K, committed 35920K, reserved 286720K
  class space    used 4511K, capacity 4800K, committed 4864K, reserved 253952K
}
Event: 2.629 GC heap after
{Heap after GC invocations=5 (full 0):
 garbage-first heap   total 262144K, used 22068K [0x00000000e0000000, 0x0000000100000000)
  region size 1024K, 6 young (6144K), 6 survivors (6144K)
 Metaspace       used 35038K, capacity 35802K, committed 35920K, reserved 286720K
  class space    used 4511K, capacity 4800K, committed 4864K, reserved 253952K
}
Event: 3.552 GC heap before
{Heap before GC invocations=6 (full 0):
 garbage-first heap   total 262144K, used 140852K [0x00000000e0000000, 0x0000000100000000)
  region size 1024K, 119 young (121856K), 6 survivors (6144K)
 Metaspace       used 45563K, capacity 46587K, committed 46800K, reserved 294912K
  class space    used 5775K, capacity 6169K, committed 6272K, reserved 253952K
}
Event: 3.559 GC heap after
{Heap after GC invocations=7 (full 0):
 garbage-first heap   total 262144K, used 29361K [0x00000000e0000000, 0x0000000100000000)
  region size 1024K, 13 young (13312K), 13 survivors (13312K)
 Metaspace       used 45563K, capacity 46587K, committed 46800K, reserved 294912K
  class space    used 5775K, capacity 6169K, committed 6272K, reserved 253952K
}
Event: 4.862 GC heap before
{Heap before GC invocations=7 (full 0):
 garbage-first heap   total 262144K, used 176817K [0x00000000e0000000, 0x0000000100000000)
  region size 1024K, 152 young (155648K), 13 survivors (13312K)
 Metaspace       used 57266K, capacity 58757K, committed 59088K, reserved 305152K
  class space    used 7345K, capacity 7937K, committed 8064K, reserved 253952K
}
Event: 4.874 GC heap after
{Heap after GC invocations=8 (full 0):
 garbage-first heap   total 262144K, used 43784K [0x00000000e0000000, 0x0000000100000000)
  region size 1024K, 17 young (17408K), 17 survivors (17408K)
 Metaspace       used 57266K, capacity 58757K, committed 59088K, reserved 305152K
  class space    used 7345K, capacity 7937K, committed 8064K, reserved 253952K
}
Event: 5.035 GC heap before
{Heap before GC invocations=8 (full 0):
 garbage-first heap   total 262144K, used 63240K [0x00000000e0000000, 0x0000000100000000)
  region size 1024K, 37 young (37888K), 17 survivors (17408K)
 Metaspace       used 58618K, capacity 60271K, committed 60296K, reserved 307200K
  class space    used 7603K, capacity 8223K, committed 8248K, reserved 253952K
}
Event: 5.049 GC heap after
{Heap after GC invocations=9 (full 0):
 garbage-first heap   total 262144K, used 46036K [0x00000000e0000000, 0x0000000100000000)
  region size 1024K, 13 young (13312K), 13 survivors (13312K)
 Metaspace       used 58618K, capacity 60271K, committed 60296K, reserved 307200K
  class space    used 7603K, capacity 8223K, committed 8248K, reserved 253952K
}
Event: 6.314 GC heap before
{Heap before GC invocations=10 (full 0):
 garbage-first heap   total 262144K, used 189396K [0x00000000e0000000, 0x0000000100000000)
  region size 1024K, 153 young (156672K), 13 survivors (13312K)
 Metaspace       used 67199K, capacity 69209K, committed 69332K, reserved 315392K
  class space    used 8840K, capacity 9590K, committed 9604K, reserved 253952K
}
Event: 6.323 GC heap after
{Heap after GC invocations=11 (full 0):
 garbage-first heap   total 262144K, used 53916K [0x00000000e0000000, 0x0000000100000000)
  region size 1024K, 10 young (10240K), 10 survivors (10240K)
 Metaspace       used 67199K, capacity 69209K, committed 69332K, reserved 315392K
  class space    used 8840K, capacity 9590K, committed 9604K, reserved 253952K
}

Deoptimization events (20 events):
Event: 11.894 Thread 0x0000023cfcdeb800 Uncommon trap: trap_request=0xffffffde fr.pc=0x0000023ceafbade0 relative=0x0000000000000320
Event: 11.894 Thread 0x0000023cfcdeb800 Uncommon trap: reason=class_check action=maybe_recompile pc=0x0000023ceafbade0 method=java.util.Collections$SetFromMap.remove(Ljava/lang/Object;)Z @ 5 c2
Event: 11.894 Thread 0x0000023cfcdeb800 DEOPT PACKING pc=0x0000023ceafbade0 sp=0x000000c14aefead0
Event: 11.894 Thread 0x0000023cfcdeb800 DEOPT UNPACKING pc=0x0000023ce343a1af sp=0x000000c14aefeab8 mode 2
Event: 11.916 Thread 0x0000023cfcdeb800 DEOPT PACKING pc=0x0000023ce446e83a sp=0x000000c14aefa420
Event: 11.916 Thread 0x0000023cfcdeb800 DEOPT UNPACKING pc=0x0000023ce343a95e sp=0x000000c14aef9980 mode 0
Event: 11.926 Thread 0x0000023cfcdeb800 Uncommon trap: trap_request=0xffffff4d fr.pc=0x0000023ceb02a858 relative=0x0000000000000498
Event: 11.926 Thread 0x0000023cfcdeb800 Uncommon trap: reason=unstable_if action=reinterpret pc=0x0000023ceb02a858 method=java.lang.StringLatin1.regionMatchesCI([BI[BII)Z @ 66 c2
Event: 11.926 Thread 0x0000023cfcdeb800 DEOPT PACKING pc=0x0000023ceb02a858 sp=0x000000c14aefa690
Event: 11.926 Thread 0x0000023cfcdeb800 DEOPT UNPACKING pc=0x0000023ce343a1af sp=0x000000c14aefa508 mode 2
Event: 11.926 Thread 0x0000023cfcdeb800 Uncommon trap: trap_request=0xffffff4d fr.pc=0x0000023ceafab2f4 relative=0x0000000000000434
Event: 11.926 Thread 0x0000023cfcdeb800 Uncommon trap: reason=unstable_if action=reinterpret pc=0x0000023ceafab2f4 method=java.lang.StringLatin1.regionMatchesCI([BI[BII)Z @ 66 c2
Event: 11.926 Thread 0x0000023cfcdeb800 DEOPT PACKING pc=0x0000023ceafab2f4 sp=0x000000c14aefa5f0
Event: 11.926 Thread 0x0000023cfcdeb800 DEOPT UNPACKING pc=0x0000023ce343a1af sp=0x000000c14aefa580 mode 2
Event: 11.930 Thread 0x0000023cfcdeb800 DEOPT PACKING pc=0x0000023ce42eaf56 sp=0x000000c14aef9a00
Event: 11.930 Thread 0x0000023cfcdeb800 DEOPT UNPACKING pc=0x0000023ce343a95e sp=0x000000c14aef8fc8 mode 0
Event: 11.936 Thread 0x0000023cfcdeb800 Uncommon trap: trap_request=0xffffff4d fr.pc=0x0000023ceb0b89b4 relative=0x0000000000000114
Event: 11.936 Thread 0x0000023cfcdeb800 Uncommon trap: reason=unstable_if action=reinterpret pc=0x0000023ceb0b89b4 method=java.util.zip.CRC32.updateBytesCheck([BII)V @ 1 c2
Event: 11.936 Thread 0x0000023cfcdeb800 DEOPT PACKING pc=0x0000023ceb0b89b4 sp=0x000000c14aef9b60
Event: 11.936 Thread 0x0000023cfcdeb800 DEOPT UNPACKING pc=0x0000023ce343a1af sp=0x000000c14aef9a48 mode 2

Classes redefined (0 events):
No events

Internal exceptions (20 events):
Event: 7.472 Thread 0x0000023cfe4b9800 Exception <a 'java/lang/NoSuchMethodError'{0x00000000eadc6508}: <clinit>> (0x00000000eadc6508) thrown at [./src/hotspot/share/prims/jni.cpp, line 1367]
Event: 7.481 Thread 0x0000023cfe4b9800 Exception <a 'java/lang/NoSuchMethodError'{0x00000000eac71578}: 'java.lang.Object java.lang.invoke.DirectMethodHandle$Holder.invokeSpecial(java.lang.Object, java.lang.Object, int, int, java.lang.Object, int, java.lang.Object, java.lang.Object)'> (0x00000000eac71578) thrown at [./src/hotspot/share/interpreter/linkResolver.cpp, line 773]
Event: 7.482 Thread 0x0000023cfe4b9800 Exception <a 'java/lang/NoSuchMethodError'{0x00000000eac74e60}: 'java.lang.Object java.lang.invoke.DelegatingMethodHandle$Holder.reinvoke_L(java.lang.Object, int, int, java.lang.Object, int, java.lang.Object, java.lang.Object)'> (0x00000000eac74e60) thrown at [./src/hotspot/share/interpreter/linkResolver.cpp, line 773]
Event: 7.483 Thread 0x0000023cfe4b9800 Exception <a 'java/lang/NoSuchMethodError'{0x00000000eac9fdd8}: 'java.lang.Object java.lang.invoke.DirectMethodHandle$Holder.invokeStatic(java.lang.Object, java.lang.Object, java.lang.Object, java.lang.Object, java.lang.Object, java.lang.Object, java.lang.Object, java.lang.Object, int)'> (0x00000000eac9fdd8) thrown at [./src/hotspot/share/interpreter/linkResolver.cpp, line 773]
Event: 7.483 Thread 0x0000023cfe4b9800 Exception <a 'java/lang/NoSuchMethodError'{0x00000000eacba820}: 'java.lang.Object java.lang.invoke.DirectMethodHandle$Holder.invokeStatic(java.lang.Object, java.lang.Object, java.lang.Object, java.lang.Object, java.lang.Object, java.lang.Object, java.lang.Object, java.lang.Object, int, int)'> (0x00000000eacba820) thrown at [./src/hotspot/share/interpreter/linkResolver.cpp, line 773]
Event: 7.484 Thread 0x0000023cfe4b9800 Exception <a 'java/lang/NoSuchMethodError'{0x00000000eacd62e8}: 'java.lang.Object java.lang.invoke.DirectMethodHandle$Holder.invokeStatic(java.lang.Object, java.lang.Object, java.lang.Object, java.lang.Object, java.lang.Object, java.lang.Object, java.lang.Object, java.lang.Object, int, int, java.lang.Object)'> (0x00000000eacd62e8) thrown at [./src/hotspot/share/interpreter/linkResolver.cpp, line 773]
Event: 7.485 Thread 0x0000023cfe4b9800 Exception <a 'java/lang/NoSuchMethodError'{0x00000000eacf3278}: 'java.lang.Object java.lang.invoke.DirectMethodHandle$Holder.invokeStatic(java.lang.Object, java.lang.Object, java.lang.Object, java.lang.Object, java.lang.Object, java.lang.Object, java.lang.Object, java.lang.Object, int, int, java.lang.Object, java.lang.Object)'> (0x00000000eacf3278) thrown at [./src/hotspot/share/interpreter/linkResolver.cpp, line 773]
Event: 7.493 Thread 0x0000023cfe4b9800 Exception <a 'java/lang/NoSuchMethodError'{0x00000000eab259e8}: <clinit>> (0x00000000eab259e8) thrown at [./src/hotspot/share/prims/jni.cpp, line 1367]
Event: 7.494 Thread 0x0000023cfe4b9800 Exception <a 'java/lang/NoSuchMethodError'{0x00000000eab5bbc0}: <clinit>> (0x00000000eab5bbc0) thrown at [./src/hotspot/share/prims/jni.cpp, line 1367]
Event: 7.500 Thread 0x0000023cfe4b8000 Exception <a 'java/lang/InterruptedException'{0x00000000eab63810}> (0x00000000eab63810) thrown at [./src/hotspot/share/runtime/objectMonitor.cpp, line 1635]
Event: 7.501 Thread 0x0000023cfe4b8000 Exception <a 'java/lang/NoSuchMethodError'{0x00000000eab6b620}: 'java.lang.Object java.lang.invoke.DirectMethodHandle$Holder.invokeStatic(java.lang.Object, java.lang.Object, int, java.lang.Object, long)'> (0x00000000eab6b620) thrown at [./src/hotspot/share/interpreter/linkResolver.cpp, line 773]
Event: 7.509 Thread 0x0000023cfe4b9800 Exception <a 'java/lang/NoSuchMethodError'{0x00000000eaba3c30}: <clinit>> (0x00000000eaba3c30) thrown at [./src/hotspot/share/prims/jni.cpp, line 1367]
Event: 7.510 Thread 0x0000023cfe4b9800 Exception <a 'java/lang/NoSuchMethodError'{0x00000000eabafa88}: <clinit>> (0x00000000eabafa88) thrown at [./src/hotspot/share/prims/jni.cpp, line 1367]
Event: 7.510 Thread 0x0000023cfe4b9800 Exception <a 'java/lang/NoSuchMethodError'{0x00000000eabbcaf0}: <clinit>> (0x00000000eabbcaf0) thrown at [./src/hotspot/share/prims/jni.cpp, line 1367]
Event: 7.513 Thread 0x0000023cfe4b9800 Exception <a 'java/lang/NoSuchMethodError'{0x00000000eabd2010}: <clinit>> (0x00000000eabd2010) thrown at [./src/hotspot/share/prims/jni.cpp, line 1367]
Event: 7.526 Thread 0x0000023cfe4b9800 Exception <a 'java/lang/NoSuchMethodError'{0x00000000eaaadae0}: <clinit>> (0x00000000eaaadae0) thrown at [./src/hotspot/share/prims/jni.cpp, line 1367]
Event: 7.572 Thread 0x0000023cfe4c4800 Exception <a 'java/lang/NoSuchMethodError'{0x00000000ea96c088}: 'java.lang.Object java.lang.invoke.DirectMethodHandle$Holder.invokeStatic(java.lang.Object, java.lang.Object, java.lang.Object, java.lang.Object, java.lang.Object, java.lang.Object, java.lang.Object, java.lang.Object, java.lang.Object, java.lang.Object, java.lang.Object, java.lang.Object, java.lang.Object, int)'> (0x00000000ea96c088) thrown at [./src/hotspot/share/interpreter/linkResolver.cpp, line 773]
Event: 7.573 Thread 0x0000023cfe4c4800 Exception <a 'java/lang/NoSuchMethodError'{0x00000000ea978b18}: 'java.lang.Object java.lang.invoke.DirectMethodHandle$Holder.invokeStatic(java.lang.Object, java.lang.Object, java.lang.Object, java.lang.Object, java.lang.Object, java.lang.Object, java.lang.Object, java.lang.Object, java.lang.Object, java.lang.Object, java.lang.Object, java.lang.Object, java.lang.Object, int, int)'> (0x00000000ea978b18) thrown at [./src/hotspot/share/interpreter/linkResolver.cpp, line 773]
Event: 7.574 Thread 0x0000023cfe4c4800 Exception <a 'java/lang/NoSuchMethodError'{0x00000000ea991f98}: 'java.lang.Object java.lang.invoke.DelegatingMethodHandle$Holder.reinvoke_L(java.lang.Object, int, java.lang.Object)'> (0x00000000ea991f98) thrown at [./src/hotspot/share/interpreter/linkResolver.cpp, line 773]
Event: 11.888 Thread 0x0000023cfcdeb800 Exception <a 'java/lang/NoSuchMethodError'{0x00000000eb2730e0}: 'java.lang.Object java.lang.invoke.DirectMethodHandle$Holder.newInvokeSpecial(java.lang.Object, java.lang.Object, java.lang.Object, java.lang.Object)'> (0x00000000eb2730e0) thrown at [./src/hotspot/share/interpreter/linkResolver.cpp, line 773]

Events (20 events):
Event: 11.936 loading class org/apache/tools/zip/UnicodeCommentExtraField
Event: 11.936 loading class org/apache/tools/zip/UnicodeCommentExtraField done
Event: 11.938 loading class org/apache/commons/io/IOUtils
Event: 11.938 loading class org/apache/commons/io/IOUtils done
Event: 11.939 loading class org/apache/commons/io/output/StringBuilderWriter
Event: 11.939 loading class org/apache/commons/io/output/StringBuilderWriter done
Event: 11.940 loading class java/io/CharArrayWriter
Event: 11.940 loading class java/io/CharArrayWriter done
Event: 11.942 loading class org/apache/tools/zip/ExtraFieldUtils
Event: 11.942 loading class org/apache/tools/zip/ExtraFieldUtils done
Event: 11.943 loading class org/apache/tools/zip/AsiExtraField
Event: 11.943 loading class org/apache/tools/zip/AsiExtraField done
Event: 11.943 loading class org/apache/tools/zip/UnixStat
Event: 11.943 loading class org/apache/tools/zip/UnixStat done
Event: 11.943 loading class org/apache/tools/zip/JarMarker
Event: 11.943 loading class org/apache/tools/zip/JarMarker done
Event: 11.944 loading class org/apache/tools/zip/ZipEightByteInteger
Event: 11.944 loading class org/apache/tools/zip/ZipEightByteInteger done
Event: 11.951 loading class org/gradle/internal/fingerprint/impl/AbsolutePathFingerprintingStrategy$1
Event: 11.951 loading class org/gradle/internal/fingerprint/impl/AbsolutePathFingerprintingStrategy$1 done


Dynamic libraries:
0x00007ff743af0000 - 0x00007ff743afd000 	C:\Users\Leshin\.jdks\corretto-11.0.15\bin\java.exe
0x00007ffba14f0000 - 0x00007ffba16e5000 	C:\WINDOWS\SYSTEM32\ntdll.dll
0x00007ffba06d0000 - 0x00007ffba078d000 	C:\WINDOWS\System32\KERNEL32.DLL
0x00007ffb9ed90000 - 0x00007ffb9f058000 	C:\WINDOWS\System32\KERNELBASE.dll
0x00007ffb9ec90000 - 0x00007ffb9ed90000 	C:\WINDOWS\System32\ucrtbase.dll
0x00007ffb86820000 - 0x00007ffb86839000 	C:\Users\Leshin\.jdks\corretto-11.0.15\bin\VCRUNTIME140.dll
0x00007ffb86880000 - 0x00007ffb86897000 	C:\Users\Leshin\.jdks\corretto-11.0.15\bin\jli.dll
0x00007ffba0790000 - 0x00007ffba0930000 	C:\WINDOWS\System32\USER32.dll
0x00007ffb9e050000 - 0x00007ffb9e2ea000 	C:\WINDOWS\WinSxS\amd64_microsoft.windows.common-controls_6595b64144ccf1df_6.0.19041.844_none_ca00b6081b84eb1d\COMCTL32.dll
0x00007ffb9f350000 - 0x00007ffb9f372000 	C:\WINDOWS\System32\win32u.dll
0x00007ffba0410000 - 0x00007ffba04ae000 	C:\WINDOWS\System32\msvcrt.dll
0x00007ffba05e0000 - 0x00007ffba060a000 	C:\WINDOWS\System32\GDI32.dll
0x00007ffb9f240000 - 0x00007ffb9f34b000 	C:\WINDOWS\System32\gdi32full.dll
0x00007ffb9f400000 - 0x00007ffb9f49d000 	C:\WINDOWS\System32\msvcp_win.dll
0x00007ffba13d0000 - 0x00007ffba1400000 	C:\WINDOWS\System32\IMM32.DLL
0x00007ffb5fe10000 - 0x00007ffb5feab000 	C:\Users\Leshin\.jdks\corretto-11.0.15\bin\msvcp140.dll
0x00007ffb486a0000 - 0x00007ffb49223000 	C:\Users\Leshin\.jdks\corretto-11.0.15\bin\server\jvm.dll
0x00007ffba0610000 - 0x00007ffba06bc000 	C:\WINDOWS\System32\ADVAPI32.dll
0x00007ffba0370000 - 0x00007ffba040b000 	C:\WINDOWS\System32\sechost.dll
0x00007ffb9f670000 - 0x00007ffb9f79b000 	C:\WINDOWS\System32\RPCRT4.dll
0x00007ffba1240000 - 0x00007ffba1248000 	C:\WINDOWS\System32\PSAPI.DLL
0x00007ffb810f0000 - 0x00007ffb81117000 	C:\WINDOWS\SYSTEM32\WINMM.dll
0x00007ffb7c8d0000 - 0x00007ffb7c8d9000 	C:\WINDOWS\SYSTEM32\WSOCK32.dll
0x00007ffb95aa0000 - 0x00007ffb95aaa000 	C:\WINDOWS\SYSTEM32\VERSION.dll
0x00007ffba0510000 - 0x00007ffba057b000 	C:\WINDOWS\System32\WS2_32.dll
0x00007ffb9ceb0000 - 0x00007ffb9cec2000 	C:\WINDOWS\SYSTEM32\kernel.appcore.dll
0x00007ffb86910000 - 0x00007ffb86920000 	C:\Users\Leshin\.jdks\corretto-11.0.15\bin\verify.dll
0x00007ffb9e660000 - 0x00007ffb9e844000 	C:\WINDOWS\SYSTEM32\DBGHELP.DLL
0x00007ffb9e410000 - 0x00007ffb9e43c000 	C:\WINDOWS\SYSTEM32\dbgcore.DLL
0x00007ffb9f380000 - 0x00007ffb9f400000 	C:\WINDOWS\System32\bcryptPrimitives.dll
0x00007ffb85b40000 - 0x00007ffb85b68000 	C:\Users\Leshin\.jdks\corretto-11.0.15\bin\java.dll
0x00007ffb81460000 - 0x00007ffb8146a000 	C:\Users\Leshin\.jdks\corretto-11.0.15\bin\jimage.dll
0x00007ffb81440000 - 0x00007ffb81458000 	C:\Users\Leshin\.jdks\corretto-11.0.15\bin\zip.dll
0x00007ffba0af0000 - 0x00007ffba1232000 	C:\WINDOWS\System32\SHELL32.dll
0x00007ffb9c710000 - 0x00007ffb9cea0000 	C:\WINDOWS\SYSTEM32\windows.storage.dll
0x00007ffb9f7a0000 - 0x00007ffb9faf5000 	C:\WINDOWS\System32\combase.dll
0x00007ffb9dfb0000 - 0x00007ffb9dfdc000 	C:\WINDOWS\SYSTEM32\Wldp.dll
0x00007ffba1400000 - 0x00007ffba14ae000 	C:\WINDOWS\System32\SHCORE.dll
0x00007ffba0a30000 - 0x00007ffba0a85000 	C:\WINDOWS\System32\shlwapi.dll
0x00007ffb9eb70000 - 0x00007ffb9eb8f000 	C:\WINDOWS\SYSTEM32\profapi.dll
0x00007ffb804f0000 - 0x00007ffb80509000 	C:\Users\Leshin\.jdks\corretto-11.0.15\bin\net.dll
0x00007ffb958b0000 - 0x00007ffb959bb000 	C:\WINDOWS\SYSTEM32\WINHTTP.dll
0x00007ffb9de90000 - 0x00007ffb9defa000 	C:\WINDOWS\system32\mswsock.dll
0x00007ffb803b0000 - 0x00007ffb803c3000 	C:\Users\Leshin\.jdks\corretto-11.0.15\bin\nio.dll
0x00007ffb9bc10000 - 0x00007ffb9bc37000 	C:\Users\Leshin\.gradle\native\e1d6ef7f7dcc3fd88c89a11ec53ec762bb8ba0a96d01ffa2cd45eb1d1d8dd5c5\windows-amd64\native-platform.dll
0x00007ffb5f2d0000 - 0x00007ffb5f414000 	C:\Users\Leshin\.gradle\native\5664cfc778a61ccfe75a443a1ab52a65af34e5dc3c78e0209fed803814484fcb\windows-amd64\native-platform-file-events.dll
0x00007ffb9bc00000 - 0x00007ffb9bc09000 	C:\Users\Leshin\.jdks\corretto-11.0.15\bin\management.dll
0x00007ffb98010000 - 0x00007ffb9801b000 	C:\Users\Leshin\.jdks\corretto-11.0.15\bin\management_ext.dll
0x00007ffb9e9c0000 - 0x00007ffb9e9d8000 	C:\WINDOWS\SYSTEM32\CRYPTSP.dll
0x00007ffb9d6e0000 - 0x00007ffb9d714000 	C:\WINDOWS\system32\rsaenh.dll
0x00007ffb9f1c0000 - 0x00007ffb9f1e7000 	C:\WINDOWS\System32\bcrypt.dll
0x00007ffb9eaf0000 - 0x00007ffb9eb1e000 	C:\WINDOWS\SYSTEM32\USERENV.dll
0x00007ffb9df70000 - 0x00007ffb9df7c000 	C:\WINDOWS\SYSTEM32\CRYPTBASE.dll
0x00007ffb9da10000 - 0x00007ffb9da4b000 	C:\WINDOWS\SYSTEM32\IPHLPAPI.DLL
0x00007ffb9fd30000 - 0x00007ffb9fd38000 	C:\WINDOWS\System32\NSI.dll
0x00007ffb94e70000 - 0x00007ffb94e87000 	C:\WINDOWS\SYSTEM32\dhcpcsvc6.DLL
0x00007ffb95da0000 - 0x00007ffb95dbd000 	C:\WINDOWS\SYSTEM32\dhcpcsvc.DLL
0x00007ffb9da50000 - 0x00007ffb9db1c000 	C:\WINDOWS\SYSTEM32\DNSAPI.dll
0x00007ffb97ff0000 - 0x00007ffb9800e000 	C:\Users\Leshin\AppData\Local\Temp\native-platform8639987512060882212dir\native-platform.dll
0x00007ffb81210000 - 0x00007ffb81217000 	C:\Users\Leshin\.jdks\corretto-11.0.15\bin\rmi.dll

dbghelp: loaded successfully - version: 4.0.5 - missing functions: none
symbol engine: initialized successfully - sym options: 0x614 - pdb path: .;C:\Users\Leshin\.jdks\corretto-11.0.15\bin;C:\WINDOWS\SYSTEM32;C:\WINDOWS\WinSxS\amd64_microsoft.windows.common-controls_6595b64144ccf1df_6.0.19041.844_none_ca00b6081b84eb1d;C:\Users\Leshin\.jdks\corretto-11.0.15\bin\server;C:\Users\Leshin\.gradle\native\e1d6ef7f7dcc3fd88c89a11ec53ec762bb8ba0a96d01ffa2cd45eb1d1d8dd5c5\windows-amd64;C:\Users\Leshin\.gradle\native\5664cfc778a61ccfe75a443a1ab52a65af34e5dc3c78e0209fed803814484fcb\windows-amd64;C:\Users\Leshin\AppData\Local\Temp\native-platform8639987512060882212dir

VM Arguments:
jvm_args: --add-opens=java.base/java.util=ALL-UNNAMED --add-opens=java.base/java.lang=ALL-UNNAMED --add-opens=java.base/java.lang.invoke=ALL-UNNAMED --add-opens=java.base/java.util=ALL-UNNAMED --add-opens=java.prefs/java.util.prefs=ALL-UNNAMED --add-opens=java.prefs/java.util.prefs=ALL-UNNAMED --add-opens=java.base/java.nio.charset=ALL-UNNAMED --add-opens=java.base/java.net=ALL-UNNAMED --add-opens=java.base/java.util.concurrent.atomic=ALL-UNNAMED -XX:MaxMetaspaceSize=256m -XX:+HeapDumpOnOutOfMemoryError -Xms256m -Xmx512m -Dfile.encoding=windows-1251 -Duser.country=RU -Duser.language=ru -Duser.variant 
java_command: org.gradle.launcher.daemon.bootstrap.GradleDaemon 7.3.3
java_class_path (initial): C:\Users\Leshin\.gradle\wrapper\dists\gradle-7.3.3-bin\6a41zxkdtcxs8rphpq6y0069z\gradle-7.3.3\lib\gradle-launcher-7.3.3.jar
Launcher Type: SUN_STANDARD

[Global flags]
     intx CICompilerCount                          = 4                                         {product} {ergonomic}
   size_t CompressedClassSpaceSize                 = 260046848                                 {product} {ergonomic}
     uint ConcGCThreads                            = 2                                         {product} {ergonomic}
     uint G1ConcRefinementThreads                  = 8                                         {product} {ergonomic}
   size_t G1HeapRegionSize                         = 1048576                                   {product} {ergonomic}
    uintx GCDrainStackTargetSize                   = 64                                        {product} {ergonomic}
     bool HeapDumpOnOutOfMemoryError               = true                                   {manageable} {command line}
   size_t InitialHeapSize                          = 268435456                                 {product} {command line}
   size_t MarkStackSize                            = 4194304                                   {product} {ergonomic}
   size_t MaxHeapSize                              = 536870912                                 {product} {command line}
   size_t MaxMetaspaceSize                         = 268435456                                 {product} {command line}
   size_t MaxNewSize                               = 321912832                                 {product} {ergonomic}
   size_t MinHeapDeltaBytes                        = 1048576                                   {product} {ergonomic}
    uintx NonNMethodCodeHeapSize                   = 5836300                                {pd product} {ergonomic}
    uintx NonProfiledCodeHeapSize                  = 122910970                              {pd product} {ergonomic}
    uintx ProfiledCodeHeapSize                     = 122910970                              {pd product} {ergonomic}
    uintx ReservedCodeCacheSize                    = 251658240                              {pd product} {ergonomic}
     bool SegmentedCodeCache                       = true                                      {product} {ergonomic}
     bool UseCompressedClassPointers               = true                                 {lp64_product} {ergonomic}
     bool UseCompressedOops                        = true                                 {lp64_product} {ergonomic}
     bool UseG1GC                                  = true                                      {product} {ergonomic}
     bool UseLargePagesIndividualAllocation        = false                                  {pd product} {ergonomic}

Logging:
Log output configuration:
 #0: stdout all=warning uptime,level,tags
 #1: stderr all=off uptime,level,tags

Environment Variables:
PATH=C:\Program Files\Eclipse Adoptium\jdk-11.0.15.10-hotspot\bin;C:\WINDOWS\system32;C:\WINDOWS;C:\WINDOWS\System32\Wbem;C:\WINDOWS\System32\WindowsPowerShell\v1.0\;C:\WINDOWS\System32\OpenSSH\;C:\Program Files\nodejs\;C:\Program Files\Git\cmd;C:\Users\Leshin\AppData\Local\Microsoft\WindowsApps;C:\Users\Leshin\AppData\Local\Programs\Microsoft VS Code\bin;C:\Users\Leshin\AppData\Roaming\npm;D:\Soft\IntelliJ IDEA Community Edition 2022.1\bin;C:\Users\Leshin\AppData\Local\JetBrains\Toolbox\scripts;C:\Users\Leshin\AppData\Local\GitHubDesktop\bin
USERNAME=Leshin
OS=Windows_NT
PROCESSOR_IDENTIFIER=Intel64 Family 6 Model 165 Stepping 2, GenuineIntel



---------------  S Y S T E M  ---------------

OS: Windows 10 , 64 bit Build 19041 (10.0.19041.928)
OS uptime: 18 days 7:15 hours

CPU:total 8 (initial active 8) (4 cores per cpu, 2 threads per core) family 6 model 165 stepping 2 microcode 0xe0, cmov, cx8, fxsr, mmx, sse, sse2, sse3, ssse3, sse4.1, sse4.2, popcnt, avx, avx2, aes, clmul, erms, 3dnowpref, lzcnt, ht, tsc, tscinvbit, bmi1, bmi2, adx, fma

Memory: 4k page, system-wide physical 16185M (2490M free)
TotalPageFile size 41104M (AvailPageFile size 15M)
current process WorkingSet (physical memory assigned to process): 414M, peak: 464M
current process commit charge ("private bytes"): 504M, peak: 554M

vm_info: OpenJDK 64-Bit Server VM (11.0.15+9-LTS) for windows-amd64 JRE (11.0.15+9-LTS), built on Apr 15 2022 22:20:31 by "Administrator" with unknown MS VC++:1916

END.
